Log file open, 10/16/23 16:19:02
LogWindows: Failed to load 'aqProf.dll' (GetLastError=126)
LogWindows: File 'aqProf.dll' does not exist
LogWindows: Failed to load 'VtuneApi.dll' (GetLastError=126)
LogWindows: File 'VtuneApi.dll' does not exist
LogWindows: Failed to load 'VtuneApi32e.dll' (GetLastError=126)
LogWindows: File 'VtuneApi32e.dll' does not exist
LogConsoleResponse: Display: Failed to find resolution value strings in scalability ini. Falling back to default.
LogConsoleResponse: Display: Failed to find resolution value strings in scalability ini. Falling back to default.
LogInit: Display: Running engine for game: GasRPG
LogPlatformFile: Not using cached read wrapper
LogTaskGraph: Started task graph with 5 named threads and 35 total threads with 3 sets of task threads.
LogStats: Stats thread started at 0.285715
LogICUInternationalization: ICU TimeZone Detection - Raw Offset: +3:00, Platform Override: ''
LogInit: Display: Loading text-based GConfig....
LogPluginManager: Mounting plugin MeshPainting
LogPluginManager: Mounting plugin XGEController
LogPluginManager: Mounting plugin Paper2D
LogPluginManager: Mounting plugin AISupport
LogPluginManager: Mounting plugin EnvironmentQueryEditor
LogPluginManager: Mounting plugin LiveLink
LogPluginManager: Mounting plugin LightPropagationVolume
LogPluginManager: Mounting plugin OodleNetwork
LogPluginManager: Mounting plugin OodleData
LogPluginManager: Mounting plugin AnimationSharing
LogPluginManager: Mounting plugin CLionSourceCodeAccess
LogPluginManager: Mounting plugin GitSourceControl
LogPluginManager: Mounting plugin NullSourceCodeAccess
LogPluginManager: Mounting plugin PerforceSourceControl
LogPluginManager: Mounting plugin PixWinPlugin
LogPluginManager: Mounting plugin PlasticSourceControl
LogPluginManager: Mounting plugin PluginUtils
LogPluginManager: Mounting plugin PropertyAccessNode
LogPluginManager: Mounting plugin CodeLiteSourceCodeAccess
LogPluginManager: Mounting plugin SubversionSourceControl
LogPluginManager: Mounting plugin TextureFormatOodle
LogPluginManager: Mounting plugin RiderSourceCodeAccess
LogPluginManager: Mounting plugin VisualStudioCodeSourceCodeAccess
LogPluginManager: Mounting plugin UObjectPlugin
LogPluginManager: Mounting plugin KDevelopSourceCodeAccess
LogPluginManager: Mounting plugin VisualStudioSourceCodeAccess
LogPluginManager: Mounting plugin XCodeSourceCodeAccess
LogPluginManager: Mounting plugin DatasmithContent
LogPluginManager: Mounting plugin AssetManagerEditor
LogPluginManager: Mounting plugin Niagara
LogPluginManager: Mounting plugin MagicLeap
LogPluginManager: Mounting plugin LuminPlatformFeatures
LogPluginManager: Mounting plugin MagicLeapLightEstimation
LogPluginManager: Mounting plugin MagicLeapMedia
LogPluginManager: Mounting plugin MagicLeapPassableWorld
LogPluginManager: Mounting plugin MLSDK
LogPluginManager: Mounting plugin AndroidMedia
LogPluginManager: Mounting plugin AvfMedia
LogPluginManager: Mounting plugin ImgMedia
LogPluginManager: Mounting plugin MediaCompositing
LogPluginManager: Mounting plugin MediaPlayerEditor
LogPluginManager: Mounting plugin WmfMedia
LogPluginManager: Mounting plugin WebMMedia
LogPluginManager: Mounting plugin AutomationUtils
LogPluginManager: Mounting plugin BackChannel
LogPluginManager: Mounting plugin AlembicImporter
LogPluginManager: Mounting plugin ChaosCloth
LogPluginManager: Mounting plugin ChaosClothEditor
LogPluginManager: Mounting plugin ChaosEditor
LogPluginManager: Mounting plugin ChaosNiagara
LogPluginManager: Mounting plugin ChaosSolverPlugin
LogPluginManager: Mounting plugin CharacterAI
LogPluginManager: Mounting plugin GeometryCache
LogPluginManager: Mounting plugin GeometryCollectionPlugin
LogPluginManager: Mounting plugin UdpMessaging
LogPluginManager: Mounting plugin TcpMessaging
LogPluginManager: Mounting plugin OnlineSubsystem
LogPluginManager: Mounting plugin GeometryProcessing
LogPluginManager: Mounting plugin MotoSynth
LogPluginManager: Mounting plugin OpenImageDenoise
LogPluginManager: Mounting plugin OnlineSubsystemNull
LogPluginManager: Mounting plugin ActorSequence
LogPluginManager: Mounting plugin PlanarCut
LogPluginManager: Mounting plugin PlatformCrypto
LogPluginManager: Mounting plugin ProxyLODPlugin
LogPluginManager: Mounting plugin PythonScriptPlugin
LogPluginManager: Mounting plugin OnlineSubsystemUtils
LogPluginManager: Mounting plugin LevelSequenceEditor
LogPluginManager: Mounting plugin MatineeToLevelSequence
LogPluginManager: Mounting plugin SkeletalReduction
LogPluginManager: Mounting plugin LauncherChunkInstaller
LogPluginManager: Mounting plugin ActorLayerUtilities
LogPluginManager: Mounting plugin ScreenshotTools
LogPluginManager: Mounting plugin AndroidDeviceProfileSelector
LogPluginManager: Mounting plugin AndroidMoviePlayer
LogPluginManager: Mounting plugin AndroidPermission
LogPluginManager: Mounting plugin AppleImageUtils
LogPluginManager: Mounting plugin AppleMoviePlayer
LogPluginManager: Mounting plugin ArchVisCharacter
LogPluginManager: Mounting plugin AssetTags
LogPluginManager: Mounting plugin AudioCapture
LogPluginManager: Mounting plugin AudioSynesthesia
LogPluginManager: Mounting plugin TemplateSequence
LogPluginManager: Mounting plugin CableComponent
LogPluginManager: Mounting plugin DataRegistry
LogPluginManager: Mounting plugin EditableMesh
LogPluginManager: Mounting plugin CustomMeshComponent
LogPluginManager: Mounting plugin ChunkDownloader
LogPluginManager: Mounting plugin GameplayAbilities
LogPluginManager: Mounting plugin GoogleCloudMessaging
LogPluginManager: Mounting plugin GooglePAD
LogPluginManager: Mounting plugin ExampleDeviceProfileSelector
LogPluginManager: Mounting plugin Takes
LogPluginManager: Mounting plugin IOSDeviceProfileSelector
LogPluginManager: Mounting plugin LinuxDeviceProfileSelector
LogPluginManager: Mounting plugin LocationServicesBPLibrary
LogPluginManager: Mounting plugin MobilePatchingUtils
LogPluginManager: Mounting plugin OpenXRHandTracking
LogPluginManager: Mounting plugin OpenXREyeTracker
LogPluginManager: Mounting plugin PhysXVehicles
LogPluginManager: Mounting plugin OpenXR
LogPluginManager: Mounting plugin PostSplashScreen
LogPluginManager: Mounting plugin PropertyAccessEditor
LogPluginManager: Mounting plugin ProceduralMeshComponent
LogPluginManager: Mounting plugin SignificanceManager
LogPluginManager: Mounting plugin SoundFields
LogPluginManager: Mounting plugin RuntimePhysXCooking
LogPluginManager: Mounting plugin Synthesis
LogPluginManager: Mounting plugin WebMMoviePlayer
LogPluginManager: Mounting plugin WindowsMoviePlayer
LogPluginManager: Mounting plugin VariantManagerContent
LogPluginManager: Mounting plugin CryptoKeys
LogPluginManager: Mounting plugin CurveEditorTools
LogPluginManager: Mounting plugin DataValidation
LogPluginManager: Mounting plugin FacialAnimation
LogPluginManager: Mounting plugin GeometryMode
LogPluginManager: Mounting plugin MacGraphicsSwitching
LogPluginManager: Mounting plugin GameplayTagsEditor
LogPluginManager: Mounting plugin MobileLauncherProfileWizard
LogPluginManager: Mounting plugin PluginBrowser
LogPluginManager: Mounting plugin MaterialAnalyzer
LogPluginManager: Mounting plugin SpeedTreeImporter
LogPluginManager: Mounting plugin CameraShakePreviewer
LogPluginManager: Mounting plugin GameplayCameras
LogPluginManager: Mounting plugin OnlineSubsystemGooglePlay
LogPluginManager: Mounting plugin OnlineSubsystemIOS
LogPluginManager: Mounting plugin OculusVR
LogPluginManager: Mounting plugin SteamVR
LogPluginManager: Mounting plugin ContentBrowserFileDataSource
LogPluginManager: Mounting plugin ContentBrowserAssetDataSource
LogPluginManager: Mounting plugin ContentBrowserClassDataSource
PixWinPlugin: PIX capture plugin failed to initialize! Check that the process is launched from PIX.
LogInit: Using libcurl 7.55.1-DEV
LogInit:  - built for x86_64-pc-win32
LogInit:  - supports SSL with OpenSSL/1.1.1
LogInit:  - supports HTTP deflate (compression) using libz 1.2.8
LogInit:  - other features:
LogInit:      CURL_VERSION_SSL
LogInit:      CURL_VERSION_LIBZ
LogInit:      CURL_VERSION_IPV6
LogInit:      CURL_VERSION_ASYNCHDNS
LogInit:      CURL_VERSION_LARGEFILE
LogInit:      CURL_VERSION_IDN
LogInit:  CurlRequestOptions (configurable via config and command line):
LogInit:  - bVerifyPeer = true  - Libcurl will verify peer certificate
LogInit:  - bUseHttpProxy = false  - Libcurl will NOT use HTTP proxy
LogInit:  - bDontReuseConnections = false  - Libcurl will reuse connections
LogInit:  - MaxHostConnections = 16  - Libcurl will limit the number of connections to a host
LogInit:  - LocalHostAddr = Default
LogInit:  - BufferSize = 65536
LogOnline: OSS: Creating online subsystem instance for: NULL
LogInit: WinSock: version 1.1 (2.2), MaxSocks=32767, MaxUdp=65467
LogOnline: OSS: TryLoadSubsystemAndSetDefault: Loaded subsystem for module [NULL]
LogOculusPluginWrapper: OculusPlugin initialized successfully
LogHMD: Failed initializing OVRPlugin 1.59.0
LogInit: Build: ++UE4+Release-4.27-CL-18319896
LogInit: Engine Version: 4.27.2-18319896+++UE4+Release-4.27
LogInit: Compatible Engine Version: 4.27.0-17155196+++UE4+Release-4.27
LogInit: Net CL: 17155196
LogInit: OS: Windows 10 (Release 2009) (), CPU: AMD Ryzen 5 5600H with Radeon Graphics         , GPU: AMD Radeon(TM) Graphics
LogInit: Compiled (64-bit): Nov 30 2021 07:12:08
LogInit: Compiled with Visual C++: 19.24.28315.00
LogInit: Build Configuration: Development
LogInit: Branch Name: ++UE4+Release-4.27
LogInit: Command Line:  -skipcompile
LogInit: Base Directory: C:/Unreal/UE_4.27/Engine/Binaries/Win64/
LogInit: Allocator: TBB
LogInit: Installed Engine Build: 1
LogDevObjectVersion: Number of dev versions registered: 29
LogDevObjectVersion:   Dev-Blueprints (B0D832E4-1F89-4F0D-ACCF-7EB736FD4AA2): 10
LogDevObjectVersion:   Dev-Build (E1C64328-A22C-4D53-A36C-8E866417BD8C): 0
LogDevObjectVersion:   Dev-Core (375EC13C-06E4-48FB-B500-84F0262A717E): 4
LogDevObjectVersion:   Dev-Editor (E4B068ED-F494-42E9-A231-DA0B2E46BB41): 40
LogDevObjectVersion:   Dev-Framework (CFFC743F-43B0-4480-9391-14DF171D2073): 37
LogDevObjectVersion:   Dev-Mobile (B02B49B5-BB20-44E9-A304-32B752E40360): 3
LogDevObjectVersion:   Dev-Networking (A4E4105C-59A1-49B5-A7C5-40C4547EDFEE): 0
LogDevObjectVersion:   Dev-Online (39C831C9-5AE6-47DC-9A44-9C173E1C8E7C): 0
LogDevObjectVersion:   Dev-Physics (78F01B33-EBEA-4F98-B9B4-84EACCB95AA2): 14
LogDevObjectVersion:   Dev-Platform (6631380F-2D4D-43E0-8009-CF276956A95A): 0
LogDevObjectVersion:   Dev-Rendering (12F88B9F-8875-4AFC-A67C-D90C383ABD29): 45
LogDevObjectVersion:   Dev-Sequencer (7B5AE74C-D270-4C10-A958-57980B212A5A): 13
LogDevObjectVersion:   Dev-VR (D7296918-1DD6-4BDD-9DE2-64A83CC13884): 3
LogDevObjectVersion:   Dev-LoadTimes (C2A15278-BFE7-4AFE-6C17-90FF531DF755): 1
LogDevObjectVersion:   Private-Geometry (6EACA3D4-40EC-4CC1-B786-8BED09428FC5): 3
LogDevObjectVersion:   Dev-AnimPhys (29E575DD-E0A3-4627-9D10-D276232CDCEA): 17
LogDevObjectVersion:   Dev-Anim (AF43A65D-7FD3-4947-9873-3E8ED9C1BB05): 15
LogDevObjectVersion:   Dev-ReflectionCapture (6B266CEC-1EC7-4B8F-A30B-E4D90942FC07): 1
LogDevObjectVersion:   Dev-Automation (0DF73D61-A23F-47EA-B727-89E90C41499A): 1
LogDevObjectVersion:   FortniteMain (601D1886-AC64-4F84-AA16-D3DE0DEAC7D6): 47
LogDevObjectVersion:   FortniteRelease (E7086368-6B23-4C58-8439-1B7016265E91): 1
LogDevObjectVersion:   Dev-Enterprise (9DFFBCD6-494F-0158-E221-12823C92A888): 10
LogDevObjectVersion:   Dev-Niagara (F2AED0AC-9AFE-416F-8664-AA7FFA26D6FC): 1
LogDevObjectVersion:   Dev-Destruction (174F1F0B-B4C6-45A5-B13F-2EE8D0FB917D): 10
LogDevObjectVersion:   Dev-Physics-Ext (35F94A83-E258-406C-A318-09F59610247C): 41
LogDevObjectVersion:   Dev-PhysicsMaterial-Chaos (B68FC16E-8B1B-42E2-B453-215C058844FE): 1
LogDevObjectVersion:   Dev-CineCamera (B2E18506-4273-CFC2-A54E-F4BB758BBA07): 1
LogDevObjectVersion:   Dev-VirtualProduction (64F58936-FD1B-42BA-BA96-7289D5D0FA4E): 1
LogDevObjectVersion:   Dev-MediaFramework (6F0ED827-A609-4895-9C91-998D90180EA4): 2
LogInit: Presizing for max 25165824 objects, including 0 objects not considered by GC, pre-allocating 0 bytes for permanent pool.
LogConfig: Applying CVar settings from Section [/Script/Engine.StreamingSettings] File [C:/Users/derwl/Documents/GasRpg/GasRPG/Saved/Config/Windows/Engine.ini]
LogConfig: Setting CVar [[s.MinBulkDataSizeForAsyncLoading:131072]]
LogConfig: Setting CVar [[s.AsyncLoadingThreadEnabled:0]]
LogConfig: Setting CVar [[s.EventDrivenLoaderEnabled:1]]
LogConfig: Setting CVar [[s.WarnIfTimeLimitExceeded:0]]
LogConfig: Setting CVar [[s.TimeLimitExceededMultiplier:1.5]]
LogConfig: Setting CVar [[s.TimeLimitExceededMinTime:0.005]]
LogConfig: Setting CVar [[s.UseBackgroundLevelStreaming:1]]
LogConfig: Setting CVar [[s.PriorityAsyncLoadingExtraTime:15.0]]
LogConfig: Setting CVar [[s.LevelStreamingActorsUpdateTimeLimit:5.0]]
LogConfig: Setting CVar [[s.PriorityLevelStreamingActorsUpdateExtraTime:5.0]]
LogConfig: Setting CVar [[s.LevelStreamingComponentsRegistrationGranularity:10]]
LogConfig: Setting CVar [[s.UnregisterComponentsTimeLimit:1.0]]
LogConfig: Setting CVar [[s.LevelStreamingComponentsUnregistrationGranularity:5]]
LogConfig: Setting CVar [[s.FlushStreamingOnExit:1]]
LogInit: Object subsystem initialized
LogConfig: Setting CVar [[con.DebugEarlyDefault:1]]
LogConfig: Setting CVar [[r.setres:1280x720]]
[2023.10.16-13.19.03:510][  0]LogConfig: Setting CVar [[r.VSync:0]]
[2023.10.16-13.19.03:510][  0]LogConfig: Setting CVar [[r.RHICmdBypass:0]]
[2023.10.16-13.19.03:510][  0]LogConfig: Applying CVar settings from Section [/Script/Engine.RendererSettings] File [C:/Users/derwl/Documents/GasRpg/GasRPG/Saved/Config/Windows/Engine.ini]
[2023.10.16-13.19.03:510][  0]LogConfig: Setting CVar [[r.GPUCrashDebugging:0]]
[2023.10.16-13.19.03:510][  0]LogConfig: Applying CVar settings from Section [/Script/Engine.RendererOverrideSettings] File [C:/Users/derwl/Documents/GasRpg/GasRPG/Saved/Config/Windows/Engine.ini]
[2023.10.16-13.19.03:510][  0]LogConfig: Applying CVar settings from Section [/Script/Engine.StreamingSettings] File [C:/Users/derwl/Documents/GasRpg/GasRPG/Saved/Config/Windows/Engine.ini]
[2023.10.16-13.19.03:510][  0]LogConfig: Setting CVar [[s.MinBulkDataSizeForAsyncLoading:131072]]
[2023.10.16-13.19.03:510][  0]LogConfig: Setting CVar [[s.AsyncLoadingThreadEnabled:0]]
[2023.10.16-13.19.03:511][  0]LogConfig: Setting CVar [[s.EventDrivenLoaderEnabled:1]]
[2023.10.16-13.19.03:511][  0]LogConfig: Setting CVar [[s.WarnIfTimeLimitExceeded:0]]
[2023.10.16-13.19.03:511][  0]LogConfig: Setting CVar [[s.TimeLimitExceededMultiplier:1.5]]
[2023.10.16-13.19.03:511][  0]LogConfig: Setting CVar [[s.TimeLimitExceededMinTime:0.005]]
[2023.10.16-13.19.03:511][  0]LogConfig: Setting CVar [[s.UseBackgroundLevelStreaming:1]]
[2023.10.16-13.19.03:511][  0]LogConfig: Setting CVar [[s.PriorityAsyncLoadingExtraTime:15.0]]
[2023.10.16-13.19.03:511][  0]LogConfig: Setting CVar [[s.LevelStreamingActorsUpdateTimeLimit:5.0]]
[2023.10.16-13.19.03:511][  0]LogConfig: Setting CVar [[s.PriorityLevelStreamingActorsUpdateExtraTime:5.0]]
[2023.10.16-13.19.03:511][  0]LogConfig: Setting CVar [[s.LevelStreamingComponentsRegistrationGranularity:10]]
[2023.10.16-13.19.03:511][  0]LogConfig: Setting CVar [[s.UnregisterComponentsTimeLimit:1.0]]
[2023.10.16-13.19.03:511][  0]LogConfig: Setting CVar [[s.LevelStreamingComponentsUnregistrationGranularity:5]]
[2023.10.16-13.19.03:511][  0]LogConfig: Setting CVar [[s.FlushStreamingOnExit:1]]
[2023.10.16-13.19.03:511][  0]LogConfig: Applying CVar settings from Section [/Script/Engine.GarbageCollectionSettings] File [C:/Users/derwl/Documents/GasRpg/GasRPG/Saved/Config/Windows/Engine.ini]
[2023.10.16-13.19.03:511][  0]LogConfig: Setting CVar [[gc.MaxObjectsNotConsideredByGC:1]]
[2023.10.16-13.19.03:511][  0]LogConfig: Setting CVar [[gc.SizeOfPermanentObjectPool:0]]
[2023.10.16-13.19.03:511][  0]LogConfig: Setting CVar [[gc.FlushStreamingOnGC:0]]
[2023.10.16-13.19.03:511][  0]LogConfig: Setting CVar [[gc.NumRetriesBeforeForcingGC:10]]
[2023.10.16-13.19.03:511][  0]LogConfig: Setting CVar [[gc.AllowParallelGC:1]]
[2023.10.16-13.19.03:511][  0]LogConfig: Setting CVar [[gc.TimeBetweenPurgingPendingKillObjects:61.1]]
[2023.10.16-13.19.03:511][  0]LogConfig: Setting CVar [[gc.MaxObjectsInEditor:25165824]]
[2023.10.16-13.19.03:511][  0]LogConfig: Setting CVar [[gc.IncrementalBeginDestroyEnabled:1]]
[2023.10.16-13.19.03:511][  0]LogConfig: Setting CVar [[gc.CreateGCClusters:1]]
[2023.10.16-13.19.03:511][  0]LogConfig: Setting CVar [[gc.MinGCClusterSize:5]]
[2023.10.16-13.19.03:511][  0]LogConfig: Setting CVar [[gc.ActorClusteringEnabled:0]]
[2023.10.16-13.19.03:511][  0]LogConfig: Setting CVar [[gc.BlueprintClusteringEnabled:0]]
[2023.10.16-13.19.03:511][  0]LogConfig: Setting CVar [[gc.UseDisregardForGCOnDedicatedServers:0]]
[2023.10.16-13.19.03:511][  0]LogConfig: Setting CVar [[gc.MultithreadedDestructionEnabled:1]]
[2023.10.16-13.19.03:512][  0]LogConfig: Applying CVar settings from Section [/Script/Engine.NetworkSettings] File [C:/Users/derwl/Documents/GasRpg/GasRPG/Saved/Config/Windows/Engine.ini]
[2023.10.16-13.19.03:512][  0]LogConfig: Applying CVar settings from Section [/Script/UnrealEd.CookerSettings] File [C:/Users/derwl/Documents/GasRpg/GasRPG/Saved/Config/Windows/Engine.ini]
[2023.10.16-13.19.03:519][  0]LogConfig: Applying CVar settings from Section [ViewDistanceQuality@3] File [C:/Users/derwl/Documents/GasRpg/GasRPG/Saved/Config/Windows/Scalability.ini]
[2023.10.16-13.19.03:519][  0]LogConfig: Setting CVar [[r.SkeletalMeshLODBias:0]]
[2023.10.16-13.19.03:519][  0]LogConfig: Setting CVar [[r.ViewDistanceScale:1.0]]
[2023.10.16-13.19.03:519][  0]LogConfig: Applying CVar settings from Section [AntiAliasingQuality@3] File [C:/Users/derwl/Documents/GasRpg/GasRPG/Saved/Config/Windows/Scalability.ini]
[2023.10.16-13.19.03:519][  0]LogConfig: Setting CVar [[r.PostProcessAAQuality:4]]
[2023.10.16-13.19.03:519][  0]LogConfig: Applying CVar settings from Section [ShadowQuality@3] File [C:/Users/derwl/Documents/GasRpg/GasRPG/Saved/Config/Windows/Scalability.ini]
[2023.10.16-13.19.03:519][  0]LogConfig: Setting CVar [[r.LightFunctionQuality:1]]
[2023.10.16-13.19.03:519][  0]LogConfig: Setting CVar [[r.ShadowQuality:5]]
[2023.10.16-13.19.03:519][  0]LogConfig: Setting CVar [[r.Shadow.CSM.MaxCascades:10]]
[2023.10.16-13.19.03:520][  0]LogConfig: Setting CVar [[r.Shadow.MaxResolution:2048]]
[2023.10.16-13.19.03:520][  0]LogConfig: Setting CVar [[r.Shadow.MaxCSMResolution:2048]]
[2023.10.16-13.19.03:520][  0]LogConfig: Setting CVar [[r.Shadow.RadiusThreshold:0.01]]
[2023.10.16-13.19.03:520][  0]LogConfig: Setting CVar [[r.Shadow.DistanceScale:1.0]]
[2023.10.16-13.19.03:520][  0]LogConfig: Setting CVar [[r.Shadow.CSM.TransitionScale:1.0]]
[2023.10.16-13.19.03:520][  0]LogConfig: Setting CVar [[r.Shadow.PreShadowResolutionFactor:1.0]]
[2023.10.16-13.19.03:520][  0]LogConfig: Setting CVar [[r.DistanceFieldShadowing:1]]
[2023.10.16-13.19.03:520][  0]LogConfig: Setting CVar [[r.DistanceFieldAO:1]]
[2023.10.16-13.19.03:520][  0]LogConfig: Setting CVar [[r.AOQuality:2]]
[2023.10.16-13.19.03:520][  0]LogConfig: Setting CVar [[r.VolumetricFog:1]]
[2023.10.16-13.19.03:520][  0]LogConfig: Setting CVar [[r.VolumetricFog.GridPixelSize:8]]
[2023.10.16-13.19.03:520][  0]LogConfig: Setting CVar [[r.VolumetricFog.GridSizeZ:128]]
[2023.10.16-13.19.03:520][  0]LogConfig: Setting CVar [[r.VolumetricFog.HistoryMissSupersampleCount:4]]
[2023.10.16-13.19.03:520][  0]LogConfig: Setting CVar [[r.LightMaxDrawDistanceScale:1]]
[2023.10.16-13.19.03:520][  0]LogConfig: Setting CVar [[r.CapsuleShadows:1]]
[2023.10.16-13.19.03:520][  0]LogConfig: Applying CVar settings from Section [PostProcessQuality@3] File [C:/Users/derwl/Documents/GasRpg/GasRPG/Saved/Config/Windows/Scalability.ini]
[2023.10.16-13.19.03:520][  0]LogConfig: Setting CVar [[r.MotionBlurQuality:4]]
[2023.10.16-13.19.03:520][  0]LogConfig: Setting CVar [[r.AmbientOcclusionMipLevelFactor:0.4]]
[2023.10.16-13.19.03:520][  0]LogConfig: Setting CVar [[r.AmbientOcclusionMaxQuality:100]]
[2023.10.16-13.19.03:520][  0]LogConfig: Setting CVar [[r.AmbientOcclusionLevels:-1]]
[2023.10.16-13.19.03:520][  0]LogConfig: Setting CVar [[r.AmbientOcclusionRadiusScale:1.0]]
[2023.10.16-13.19.03:520][  0]LogConfig: Setting CVar [[r.DepthOfFieldQuality:2]]
[2023.10.16-13.19.03:520][  0]LogConfig: Setting CVar [[r.RenderTargetPoolMin:400]]
[2023.10.16-13.19.03:520][  0]LogConfig: Setting CVar [[r.LensFlareQuality:2]]
[2023.10.16-13.19.03:520][  0]LogConfig: Setting CVar [[r.SceneColorFringeQuality:1]]
[2023.10.16-13.19.03:520][  0]LogConfig: Setting CVar [[r.EyeAdaptationQuality:2]]
[2023.10.16-13.19.03:520][  0]LogConfig: Setting CVar [[r.BloomQuality:5]]
[2023.10.16-13.19.03:520][  0]LogConfig: Setting CVar [[r.FastBlurThreshold:100]]
[2023.10.16-13.19.03:520][  0]LogConfig: Setting CVar [[r.Upscale.Quality:3]]
[2023.10.16-13.19.03:521][  0]LogConfig: Setting CVar [[r.Tonemapper.GrainQuantization:1]]
[2023.10.16-13.19.03:521][  0]LogConfig: Setting CVar [[r.LightShaftQuality:1]]
[2023.10.16-13.19.03:521][  0]LogConfig: Setting CVar [[r.Filter.SizeScale:1]]
[2023.10.16-13.19.03:521][  0]LogConfig: Setting CVar [[r.Tonemapper.Quality:5]]
[2023.10.16-13.19.03:521][  0]LogConfig: Setting CVar [[r.DOF.Gather.AccumulatorQuality:1        ; higher gathering accumulator quality]]
[2023.10.16-13.19.03:521][  0]LogConfig: Setting CVar [[r.DOF.Gather.PostfilterMethod:1          ; Median3x3 postfilering method]]
[2023.10.16-13.19.03:521][  0]LogConfig: Setting CVar [[r.DOF.Gather.EnableBokehSettings:0       ; no bokeh simulation when gathering]]
[2023.10.16-13.19.03:521][  0]LogConfig: Setting CVar [[r.DOF.Gather.RingCount:4                 ; medium number of samples when gathering]]
[2023.10.16-13.19.03:521][  0]LogConfig: Setting CVar [[r.DOF.Scatter.ForegroundCompositing:1    ; additive foreground scattering]]
[2023.10.16-13.19.03:521][  0]LogConfig: Setting CVar [[r.DOF.Scatter.BackgroundCompositing:2    ; additive background scattering]]
[2023.10.16-13.19.03:521][  0]LogConfig: Setting CVar [[r.DOF.Scatter.EnableBokehSettings:1      ; bokeh simulation when scattering]]
[2023.10.16-13.19.03:521][  0]LogConfig: Setting CVar [[r.DOF.Scatter.MaxSpriteRatio:0.1         ; only a maximum of 10% of scattered bokeh]]
[2023.10.16-13.19.03:521][  0]LogConfig: Setting CVar [[r.DOF.Recombine.Quality:1                ; cheap slight out of focus]]
[2023.10.16-13.19.03:521][  0]LogConfig: Setting CVar [[r.DOF.Recombine.EnableBokehSettings:0    ; no bokeh simulation on slight out of focus]]
[2023.10.16-13.19.03:521][  0]LogConfig: Setting CVar [[r.DOF.TemporalAAQuality:1                ; more stable temporal accumulation]]
[2023.10.16-13.19.03:521][  0]LogConfig: Setting CVar [[r.DOF.Kernel.MaxForegroundRadius:0.025]]
[2023.10.16-13.19.03:521][  0]LogConfig: Setting CVar [[r.DOF.Kernel.MaxBackgroundRadius:0.025]]
[2023.10.16-13.19.03:521][  0]LogConfig: Applying CVar settings from Section [TextureQuality@3] File [C:/Users/derwl/Documents/GasRpg/GasRPG/Saved/Config/Windows/Scalability.ini]
[2023.10.16-13.19.03:521][  0]LogConfig: Setting CVar [[r.Streaming.MipBias:0]]
[2023.10.16-13.19.03:521][  0]LogConfig: Setting CVar [[r.Streaming.AmortizeCPUToGPUCopy:0]]
[2023.10.16-13.19.03:521][  0]LogConfig: Setting CVar [[r.Streaming.MaxNumTexturesToStreamPerFrame:0]]
[2023.10.16-13.19.03:521][  0]LogConfig: Setting CVar [[r.Streaming.Boost:1]]
[2023.10.16-13.19.03:521][  0]LogConfig: Setting CVar [[r.MaxAnisotropy:8]]
[2023.10.16-13.19.03:521][  0]LogConfig: Setting CVar [[r.VT.MaxAnisotropy:8]]
[2023.10.16-13.19.03:521][  0]LogConfig: Setting CVar [[r.Streaming.LimitPoolSizeToVRAM:0]]
[2023.10.16-13.19.03:521][  0]LogConfig: Setting CVar [[r.Streaming.PoolSize:1000]]
[2023.10.16-13.19.03:521][  0]LogConfig: Setting CVar [[r.Streaming.MaxEffectiveScreenSize:0]]
[2023.10.16-13.19.03:521][  0]LogConfig: Applying CVar settings from Section [EffectsQuality@3] File [C:/Users/derwl/Documents/GasRpg/GasRPG/Saved/Config/Windows/Scalability.ini]
[2023.10.16-13.19.03:521][  0]LogConfig: Setting CVar [[r.TranslucencyLightingVolumeDim:64]]
[2023.10.16-13.19.03:521][  0]LogConfig: Setting CVar [[r.RefractionQuality:2]]
[2023.10.16-13.19.03:521][  0]LogConfig: Setting CVar [[r.SSR.Quality:3]]
[2023.10.16-13.19.03:521][  0]LogConfig: Setting CVar [[r.SSR.HalfResSceneColor:0]]
[2023.10.16-13.19.03:522][  0]LogConfig: Setting CVar [[r.SceneColorFormat:4]]
[2023.10.16-13.19.03:522][  0]LogConfig: Setting CVar [[r.DetailMode:2]]
[2023.10.16-13.19.03:522][  0]LogConfig: Setting CVar [[r.TranslucencyVolumeBlur:1]]
[2023.10.16-13.19.03:522][  0]LogConfig: Setting CVar [[r.MaterialQualityLevel:1 ; High quality]]
[2023.10.16-13.19.03:522][  0]LogConfig: Setting CVar [[r.AnisotropicMaterials:1]]
[2023.10.16-13.19.03:522][  0]LogConfig: Setting CVar [[r.SSS.Scale:1]]
[2023.10.16-13.19.03:522][  0]LogConfig: Setting CVar [[r.SSS.SampleSet:2]]
[2023.10.16-13.19.03:522][  0]LogConfig: Setting CVar [[r.SSS.Quality:1]]
[2023.10.16-13.19.03:522][  0]LogConfig: Setting CVar [[r.SSS.HalfRes:0]]
[2023.10.16-13.19.03:522][  0]LogConfig: Setting CVar [[r.SSGI.Quality:3]]
[2023.10.16-13.19.03:522][  0]LogConfig: Setting CVar [[r.EmitterSpawnRateScale:1.0]]
[2023.10.16-13.19.03:522][  0]LogConfig: Setting CVar [[r.ParticleLightQuality:2]]
[2023.10.16-13.19.03:522][  0]LogConfig: Setting CVar [[r.SkyAtmosphere.AerialPerspectiveLUT.FastApplyOnOpaque:1 ; Always have FastSkyLUT 1 in this case to avoid wrong sky]]
[2023.10.16-13.19.03:522][  0]LogConfig: Setting CVar [[r.SkyAtmosphere.AerialPerspectiveLUT.SampleCountMaxPerSlice:4]]
[2023.10.16-13.19.03:522][  0]LogConfig: Setting CVar [[r.SkyAtmosphere.AerialPerspectiveLUT.DepthResolution:16.0]]
[2023.10.16-13.19.03:522][  0]LogConfig: Setting CVar [[r.SkyAtmosphere.FastSkyLUT:1]]
[2023.10.16-13.19.03:522][  0]LogConfig: Setting CVar [[r.SkyAtmosphere.FastSkyLUT.SampleCountMin:4.0]]
[2023.10.16-13.19.03:522][  0]LogConfig: Setting CVar [[r.SkyAtmosphere.FastSkyLUT.SampleCountMax:128.0]]
[2023.10.16-13.19.03:522][  0]LogConfig: Setting CVar [[r.SkyAtmosphere.SampleCountMin:4.0]]
[2023.10.16-13.19.03:522][  0]LogConfig: Setting CVar [[r.SkyAtmosphere.SampleCountMax:128.0]]
[2023.10.16-13.19.03:522][  0]LogConfig: Setting CVar [[r.SkyAtmosphere.TransmittanceLUT.UseSmallFormat:0]]
[2023.10.16-13.19.03:522][  0]LogConfig: Setting CVar [[r.SkyAtmosphere.TransmittanceLUT.SampleCount:10.0]]
[2023.10.16-13.19.03:522][  0]LogConfig: Setting CVar [[r.SkyAtmosphere.MultiScatteringLUT.SampleCount:15.0]]
[2023.10.16-13.19.03:522][  0]LogConfig: Setting CVar [[r.SkyLight.RealTimeReflectionCapture:1]]
[2023.10.16-13.19.03:522][  0]LogConfig: Applying CVar settings from Section [FoliageQuality@3] File [C:/Users/derwl/Documents/GasRpg/GasRPG/Saved/Config/Windows/Scalability.ini]
[2023.10.16-13.19.03:522][  0]LogConfig: Setting CVar [[foliage.DensityScale:1.0]]
[2023.10.16-13.19.03:522][  0]LogConfig: Setting CVar [[grass.DensityScale:1.0]]
[2023.10.16-13.19.03:522][  0]LogConfig: Applying CVar settings from Section [ShadingQuality@3] File [C:/Users/derwl/Documents/GasRpg/GasRPG/Saved/Config/Windows/Scalability.ini]
[2023.10.16-13.19.03:522][  0]LogConfig: Setting CVar [[r.HairStrands.SkyLighting.IntegrationType:2]]
[2023.10.16-13.19.03:522][  0]LogConfig: Setting CVar [[r.HairStrands.SkyAO.SampleCount:4]]
[2023.10.16-13.19.03:522][  0]LogConfig: Setting CVar [[r.HairStrands.Visibility.MSAA.SamplePerPixel:4]]
[2023.10.16-13.19.03:522][  0]LogInit: Selected Device Profile: [Windows]
[2023.10.16-13.19.03:522][  0]LogInit: Applying CVar settings loaded from the selected device profile: [Windows]
[2023.10.16-13.19.03:522][  0]LogHAL: Display: Platform has ~ 16 GB [16487870464 / 17179869184 / 16], which maps to Larger [LargestMinGB=32, LargerMinGB=12, DefaultMinGB=8, SmallerMinGB=6, SmallestMinGB=0)
[2023.10.16-13.19.03:523][  0]LogInit: Going up to parent DeviceProfile []
[2023.10.16-13.19.03:523][  0]LogConfig: Applying CVar settings from Section [ViewDistanceQuality@0] File [C:/Users/derwl/Documents/GasRpg/GasRPG/Saved/Config/Windows/Scalability.ini]
[2023.10.16-13.19.03:523][  0]LogConfig: Setting CVar [[r.SkeletalMeshLODBias:2]]
[2023.10.16-13.19.03:523][  0]LogConfig: Setting CVar [[r.ViewDistanceScale:0.4]]
[2023.10.16-13.19.03:523][  0]LogConfig: Applying CVar settings from Section [AntiAliasingQuality@0] File [C:/Users/derwl/Documents/GasRpg/GasRPG/Saved/Config/Windows/Scalability.ini]
[2023.10.16-13.19.03:523][  0]LogConfig: Setting CVar [[r.PostProcessAAQuality:0]]
[2023.10.16-13.19.03:523][  0]LogConfig: Applying CVar settings from Section [ShadowQuality@0] File [C:/Users/derwl/Documents/GasRpg/GasRPG/Saved/Config/Windows/Scalability.ini]
[2023.10.16-13.19.03:523][  0]LogConfig: Setting CVar [[r.LightFunctionQuality:0]]
[2023.10.16-13.19.03:523][  0]LogConfig: Setting CVar [[r.ShadowQuality:0]]
[2023.10.16-13.19.03:523][  0]LogConfig: Setting CVar [[r.Shadow.CSM.MaxCascades:1]]
[2023.10.16-13.19.03:523][  0]LogConfig: Setting CVar [[r.Shadow.MaxResolution:512]]
[2023.10.16-13.19.03:523][  0]LogConfig: Setting CVar [[r.Shadow.MaxCSMResolution:512]]
[2023.10.16-13.19.03:523][  0]LogConfig: Setting CVar [[r.Shadow.RadiusThreshold:0.06]]
[2023.10.16-13.19.03:523][  0]LogConfig: Setting CVar [[r.Shadow.DistanceScale:0.6]]
[2023.10.16-13.19.03:523][  0]LogConfig: Setting CVar [[r.Shadow.CSM.TransitionScale:0]]
[2023.10.16-13.19.03:523][  0]LogConfig: Setting CVar [[r.Shadow.PreShadowResolutionFactor:0.5]]
[2023.10.16-13.19.03:523][  0]LogConfig: Setting CVar [[r.DistanceFieldShadowing:0]]
[2023.10.16-13.19.03:523][  0]LogConfig: Setting CVar [[r.DistanceFieldAO:0]]
[2023.10.16-13.19.03:523][  0]LogConfig: Setting CVar [[r.VolumetricFog:0]]
[2023.10.16-13.19.03:523][  0]LogConfig: Setting CVar [[r.LightMaxDrawDistanceScale:0]]
[2023.10.16-13.19.03:523][  0]LogConfig: Setting CVar [[r.CapsuleShadows:0]]
[2023.10.16-13.19.03:523][  0]LogConfig: Applying CVar settings from Section [PostProcessQuality@0] File [C:/Users/derwl/Documents/GasRpg/GasRPG/Saved/Config/Windows/Scalability.ini]
[2023.10.16-13.19.03:523][  0]LogConfig: Setting CVar [[r.MotionBlurQuality:0]]
[2023.10.16-13.19.03:523][  0]LogConfig: Setting CVar [[r.AmbientOcclusionMipLevelFactor:1.0]]
[2023.10.16-13.19.03:523][  0]LogConfig: Setting CVar [[r.AmbientOcclusionMaxQuality:0]]
[2023.10.16-13.19.03:523][  0]LogConfig: Setting CVar [[r.AmbientOcclusionLevels:0]]
[2023.10.16-13.19.03:523][  0]LogConfig: Setting CVar [[r.AmbientOcclusionRadiusScale:1.2]]
[2023.10.16-13.19.03:523][  0]LogConfig: Setting CVar [[r.DepthOfFieldQuality:0]]
[2023.10.16-13.19.03:523][  0]LogConfig: Setting CVar [[r.RenderTargetPoolMin:300]]
[2023.10.16-13.19.03:523][  0]LogConfig: Setting CVar [[r.LensFlareQuality:0]]
[2023.10.16-13.19.03:523][  0]LogConfig: Setting CVar [[r.SceneColorFringeQuality:0]]
[2023.10.16-13.19.03:523][  0]LogConfig: Setting CVar [[r.EyeAdaptationQuality:2]]
[2023.10.16-13.19.03:523][  0]LogConfig: Setting CVar [[r.BloomQuality:4]]
[2023.10.16-13.19.03:523][  0]LogConfig: Setting CVar [[r.FastBlurThreshold:0]]
[2023.10.16-13.19.03:524][  0]LogConfig: Setting CVar [[r.Upscale.Quality:1]]
[2023.10.16-13.19.03:524][  0]LogConfig: Setting CVar [[r.Tonemapper.GrainQuantization:0]]
[2023.10.16-13.19.03:524][  0]LogConfig: Setting CVar [[r.LightShaftQuality:0]]
[2023.10.16-13.19.03:524][  0]LogConfig: Setting CVar [[r.Filter.SizeScale:0.6]]
[2023.10.16-13.19.03:524][  0]LogConfig: Setting CVar [[r.Tonemapper.Quality:0]]
[2023.10.16-13.19.03:524][  0]LogConfig: Applying CVar settings from Section [TextureQuality@0] File [C:/Users/derwl/Documents/GasRpg/GasRPG/Saved/Config/Windows/Scalability.ini]
[2023.10.16-13.19.03:524][  0]LogConfig: Setting CVar [[r.Streaming.MipBias:16]]
[2023.10.16-13.19.03:524][  0]LogConfig: Setting CVar [[r.Streaming.AmortizeCPUToGPUCopy:1]]
[2023.10.16-13.19.03:524][  0]LogConfig: Setting CVar [[r.Streaming.MaxNumTexturesToStreamPerFrame:1]]
[2023.10.16-13.19.03:524][  0]LogConfig: Setting CVar [[r.Streaming.Boost:0.3]]
[2023.10.16-13.19.03:524][  0]LogConfig: Setting CVar [[r.MaxAnisotropy:0]]
[2023.10.16-13.19.03:524][  0]LogConfig: Setting CVar [[r.VT.MaxAnisotropy:4]]
[2023.10.16-13.19.03:524][  0]LogConfig: Setting CVar [[r.Streaming.LimitPoolSizeToVRAM:1]]
[2023.10.16-13.19.03:524][  0]LogConfig: Setting CVar [[r.Streaming.PoolSize:400]]
[2023.10.16-13.19.03:524][  0]LogConfig: Setting CVar [[r.Streaming.MaxEffectiveScreenSize:0]]
[2023.10.16-13.19.03:524][  0]LogConfig: Applying CVar settings from Section [EffectsQuality@0] File [C:/Users/derwl/Documents/GasRpg/GasRPG/Saved/Config/Windows/Scalability.ini]
[2023.10.16-13.19.03:524][  0]LogConfig: Setting CVar [[r.TranslucencyLightingVolumeDim:24]]
[2023.10.16-13.19.03:524][  0]LogConfig: Setting CVar [[r.RefractionQuality:0]]
[2023.10.16-13.19.03:524][  0]LogConfig: Setting CVar [[r.SSR.Quality:0]]
[2023.10.16-13.19.03:524][  0]LogConfig: Setting CVar [[r.SSR.HalfResSceneColor:1]]
[2023.10.16-13.19.03:524][  0]LogConfig: Setting CVar [[r.SceneColorFormat:3]]
[2023.10.16-13.19.03:524][  0]LogConfig: Setting CVar [[r.DetailMode:0]]
[2023.10.16-13.19.03:524][  0]LogConfig: Setting CVar [[r.TranslucencyVolumeBlur:0]]
[2023.10.16-13.19.03:524][  0]LogConfig: Setting CVar [[r.MaterialQualityLevel:0 ; Low quality]]
[2023.10.16-13.19.03:524][  0]LogConfig: Setting CVar [[r.AnisotropicMaterials:0]]
[2023.10.16-13.19.03:524][  0]LogConfig: Setting CVar [[r.SSS.Scale:0]]
[2023.10.16-13.19.03:524][  0]LogConfig: Setting CVar [[r.SSS.SampleSet:0]]
[2023.10.16-13.19.03:524][  0]LogConfig: Setting CVar [[r.SSS.Quality:0]]
[2023.10.16-13.19.03:524][  0]LogConfig: Setting CVar [[r.SSS.HalfRes:1]]
[2023.10.16-13.19.03:524][  0]LogConfig: Setting CVar [[r.SSGI.Quality:0]]
[2023.10.16-13.19.03:524][  0]LogConfig: Setting CVar [[r.EmitterSpawnRateScale:0.125]]
[2023.10.16-13.19.03:524][  0]LogConfig: Setting CVar [[r.ParticleLightQuality:0]]
[2023.10.16-13.19.03:524][  0]LogConfig: Setting CVar [[r.SkyAtmosphere.AerialPerspectiveLUT.FastApplyOnOpaque:1 ; Always have FastSkyLUT 1 in this case to avoid wrong sky]]
[2023.10.16-13.19.03:524][  0]LogConfig: Setting CVar [[r.SkyAtmosphere.AerialPerspectiveLUT.SampleCountMaxPerSlice:1]]
[2023.10.16-13.19.03:524][  0]LogConfig: Setting CVar [[r.SkyAtmosphere.AerialPerspectiveLUT.DepthResolution:8.0]]
[2023.10.16-13.19.03:524][  0]LogConfig: Setting CVar [[r.SkyAtmosphere.FastSkyLUT:1]]
[2023.10.16-13.19.03:524][  0]LogConfig: Setting CVar [[r.SkyAtmosphere.FastSkyLUT.SampleCountMin:2.0]]
[2023.10.16-13.19.03:525][  0]LogConfig: Setting CVar [[r.SkyAtmosphere.FastSkyLUT.SampleCountMax:16.0]]
[2023.10.16-13.19.03:525][  0]LogConfig: Setting CVar [[r.SkyAtmosphere.SampleCountMin:2.0]]
[2023.10.16-13.19.03:525][  0]LogConfig: Setting CVar [[r.SkyAtmosphere.SampleCountMax:16.0]]
[2023.10.16-13.19.03:525][  0]LogConfig: Setting CVar [[r.SkyAtmosphere.TransmittanceLUT.UseSmallFormat:1]]
[2023.10.16-13.19.03:525][  0]LogConfig: Setting CVar [[r.SkyAtmosphere.TransmittanceLUT.SampleCount:10.0]]
[2023.10.16-13.19.03:525][  0]LogConfig: Setting CVar [[r.SkyAtmosphere.MultiScatteringLUT.SampleCount:15.0]]
[2023.10.16-13.19.03:525][  0]LogConfig: Setting CVar [[r.SkyLight.RealTimeReflectionCapture:0]]
[2023.10.16-13.19.03:525][  0]LogConfig: Applying CVar settings from Section [FoliageQuality@0] File [C:/Users/derwl/Documents/GasRpg/GasRPG/Saved/Config/Windows/Scalability.ini]
[2023.10.16-13.19.03:525][  0]LogConfig: Setting CVar [[foliage.DensityScale:0]]
[2023.10.16-13.19.03:525][  0]LogConfig: Setting CVar [[grass.DensityScale:0]]
[2023.10.16-13.19.03:525][  0]LogConfig: Applying CVar settings from Section [ShadingQuality@0] File [C:/Users/derwl/Documents/GasRpg/GasRPG/Saved/Config/Windows/Scalability.ini]
[2023.10.16-13.19.03:525][  0]LogConfig: Setting CVar [[r.HairStrands.SkyLighting.IntegrationType:2]]
[2023.10.16-13.19.03:525][  0]LogConfig: Setting CVar [[r.HairStrands.SkyAO.SampleCount:4]]
[2023.10.16-13.19.03:525][  0]LogConfig: Setting CVar [[r.HairStrands.Visibility.MSAA.SamplePerPixel:1]]
[2023.10.16-13.19.03:525][  0]LogConfig: Applying CVar settings from Section [Startup] File [../../../Engine/Config/ConsoleVariables.ini]
[2023.10.16-13.19.03:525][  0]LogConfig: Setting CVar [[net.UseAdaptiveNetUpdateFrequency:0]]
[2023.10.16-13.19.03:525][  0]LogConfig: Setting CVar [[p.chaos.AllowCreatePhysxBodies:1]]
[2023.10.16-13.19.03:525][  0]LogConfig: Setting CVar [[fx.SkipVectorVMBackendOptimizations:1]]
[2023.10.16-13.19.03:525][  0]LogConfig: Applying CVar settings from Section [ConsoleVariables] File [C:/Users/derwl/Documents/GasRpg/GasRPG/Saved/Config/Windows/Engine.ini]
[2023.10.16-13.19.03:525][  0]LogConfig: Applying CVar settings from Section [ConsoleVariables] File [C:/Users/derwl/Documents/GasRpg/GasRPG/Saved/Config/Windows/Editor.ini]
[2023.10.16-13.19.03:525][  0]LogInit: Computer: DESKTOP-T0VCAE0
[2023.10.16-13.19.03:525][  0]LogInit: User: derwl
[2023.10.16-13.19.03:525][  0]LogInit: CPU Page size=4096, Cores=6
[2023.10.16-13.19.03:526][  0]LogInit: High frequency timer resolution =10.000000 MHz
[2023.10.16-13.19.03:526][  0]LogMemory: Memory total: Physical=15.4GB (16GB approx)
[2023.10.16-13.19.03:526][  0]LogMemory: Platform Memory Stats for Windows
[2023.10.16-13.19.03:526][  0]LogMemory: Process Physical Memory: 144.82 MB used, 144.82 MB peak
[2023.10.16-13.19.03:526][  0]LogMemory: Process Virtual Memory: 127.80 MB used, 127.80 MB peak
[2023.10.16-13.19.03:526][  0]LogMemory: Physical Memory: 8904.80 MB used,  6819.26 MB free, 15724.06 MB total
[2023.10.16-13.19.03:526][  0]LogMemory: Virtual Memory: 134211560.00 MB used,  6167.90 MB free, 134217728.00 MB total
[2023.10.16-13.19.03:533][  0]LogWindows: WindowsPlatformFeatures enabled
[2023.10.16-13.19.03:672][  0]LogInit: Physics initialised using underlying interface: PhysX
[2023.10.16-13.19.03:673][  0]LogInit: Using OS detected language (ru-RU).
[2023.10.16-13.19.03:674][  0]LogInit: Using OS detected locale (ru-RU).
[2023.10.16-13.19.03:679][  0]LogTextLocalizationManager: No specific localization for 'ru-RU' exists, so the 'ru' localization will be used.
[2023.10.16-13.19.03:679][  0]LogTextLocalizationResource: LocRes '../../../Engine/Content/Localization/Editor/ru/Editor.locres' could not be opened for reading!
[2023.10.16-13.19.03:680][  0]LogTextLocalizationResource: LocRes '../../../Engine/Content/Localization/EditorTutorials/ru/EditorTutorials.locres' could not be opened for reading!
[2023.10.16-13.19.03:680][  0]LogTextLocalizationResource: LocRes '../../../Engine/Content/Localization/Keywords/ru/Keywords.locres' could not be opened for reading!
[2023.10.16-13.19.03:680][  0]LogTextLocalizationResource: LocRes '../../../Engine/Content/Localization/Category/ru/Category.locres' could not be opened for reading!
[2023.10.16-13.19.03:680][  0]LogTextLocalizationResource: LocRes '../../../Engine/Content/Localization/ToolTips/ru/ToolTips.locres' could not be opened for reading!
[2023.10.16-13.19.03:680][  0]LogTextLocalizationResource: LocRes '../../../Engine/Content/Localization/PropertyNames/ru/PropertyNames.locres' could not be opened for reading!
[2023.10.16-13.19.03:680][  0]LogTextLocalizationResource: LocRes '../../../Engine/Content/Localization/Engine/ru/Engine.locres' could not be opened for reading!
[2023.10.16-13.19.03:681][  0]LogInit: Setting process to per monitor DPI aware
[2023.10.16-13.19.03:699][  0]LogWindowsTextInputMethodSystem: Display: IME system deactivated.
[2023.10.16-13.19.03:717][  0]LogSlate: New Slate User Created.  User Index 0, Is Virtual User: 0
[2023.10.16-13.19.03:717][  0]LogSlate: Slate User Registered.  User Index 0, Is Virtual User: 0
[2023.10.16-13.19.03:839][  0]LogD3D11RHI: Loaded GFSDK_Aftermath_Lib.x64.dll
[2023.10.16-13.19.03:843][  0]LogHMD: Failed to initialize OpenVR with code 110
[2023.10.16-13.19.03:843][  0]LogD3D11RHI: D3D11 min allowed feature level: 11_0
[2023.10.16-13.19.03:843][  0]LogD3D11RHI: D3D11 max allowed feature level: 11_0
[2023.10.16-13.19.03:843][  0]LogD3D11RHI: D3D11 adapters:
[2023.10.16-13.19.03:987][  0]LogD3D11RHI:    0. 'NVIDIA GeForce RTX 3050 Laptop GPU' (Feature Level 11_0)
[2023.10.16-13.19.03:987][  0]LogD3D11RHI:       3977/0/7862 MB DedicatedVideo/DedicatedSystem/SharedSystem, Outputs:1, VendorId:0x10de
[2023.10.16-13.19.04:027][  0]LogD3D11RHI:    1. 'AMD Radeon(TM) Graphics' (Feature Level 11_0)
[2023.10.16-13.19.04:027][  0]LogD3D11RHI:       496/0/7862 MB DedicatedVideo/DedicatedSystem/SharedSystem, Outputs:1, VendorId:0x1002
[2023.10.16-13.19.04:034][  0]LogD3D11RHI:    2. 'Microsoft Basic Render Driver' (Feature Level 11_0)
[2023.10.16-13.19.04:034][  0]LogD3D11RHI:       0/0/7862 MB DedicatedVideo/DedicatedSystem/SharedSystem, Outputs:0, VendorId:0x1414
[2023.10.16-13.19.04:034][  0]LogD3D11RHI: Chosen D3D11 Adapter:
[2023.10.16-13.19.04:034][  0]LogD3D11RHI:     Description : NVIDIA GeForce RTX 3050 Laptop GPU
[2023.10.16-13.19.04:034][  0]LogD3D11RHI:     VendorId    : 10de
[2023.10.16-13.19.04:034][  0]LogD3D11RHI:     DeviceId    : 25a2
[2023.10.16-13.19.04:034][  0]LogD3D11RHI:     SubSysId    : 151e1025
[2023.10.16-13.19.04:034][  0]LogD3D11RHI:     Revision    : 00a1
[2023.10.16-13.19.04:034][  0]LogD3D11RHI:     DedicatedVideoMemory : 4170186752 bytes
[2023.10.16-13.19.04:034][  0]LogD3D11RHI:     DedicatedSystemMemory : 0 bytes
[2023.10.16-13.19.04:034][  0]LogD3D11RHI:     SharedSystemMemory : 8243935232 bytes
[2023.10.16-13.19.04:034][  0]LogD3D11RHI:     AdapterLuid : 0 62909
[2023.10.16-13.19.04:041][  0]LogD3D11RHI: Creating new Direct3DDevice
[2023.10.16-13.19.04:042][  0]LogD3D11RHI:     GPU DeviceId: 0x25a2 (for the marketing name, search the web for "GPU Device Id")
[2023.10.16-13.19.04:042][  0]LogWindows: EnumDisplayDevices:
[2023.10.16-13.19.04:042][  0]LogWindows:    0. 'AMD Radeon(TM) Graphics' (P:0 D:1)
[2023.10.16-13.19.04:042][  0]LogWindows:    1. 'AMD Radeon(TM) Graphics' (P:0 D:0)
[2023.10.16-13.19.04:042][  0]LogWindows:    2. 'AMD Radeon(TM) Graphics' (P:0 D:0)
[2023.10.16-13.19.04:043][  0]LogWindows:    3. 'NVIDIA GeForce RTX 3050 Laptop GPU' (P:1 D:1)
[2023.10.16-13.19.04:043][  0]LogWindows: DebugString: PrimaryIsNotTheChoosenAdapter PrimaryIsNotTheChoosenAdapter PrimaryIsNotTheChoosenAdapter 
[2023.10.16-13.19.04:043][  0]LogD3D11RHI:     Adapter Name: NVIDIA GeForce RTX 3050 Laptop GPU
[2023.10.16-13.19.04:043][  0]LogD3D11RHI:   Driver Version: 537.58 (internal:31.0.15.3758, unified:537.58)
[2023.10.16-13.19.04:043][  0]LogD3D11RHI:      Driver Date: 10-4-2023
[2023.10.16-13.19.04:043][  0]LogRHI: Texture pool is 2783 MB (70% of 3977 MB)
[2023.10.16-13.19.04:043][  0]LogD3D11RHI: Creating D3DDevice using adapter:
[2023.10.16-13.19.04:043][  0]LogD3D11RHI:     Description : NVIDIA GeForce RTX 3050 Laptop GPU
[2023.10.16-13.19.04:043][  0]LogD3D11RHI:     VendorId    : 10de
[2023.10.16-13.19.04:043][  0]LogD3D11RHI:     DeviceId    : 25a2
[2023.10.16-13.19.04:043][  0]LogD3D11RHI:     SubSysId    : 151e1025
[2023.10.16-13.19.04:043][  0]LogD3D11RHI:     Revision    : 00a1
[2023.10.16-13.19.04:043][  0]LogD3D11RHI:     DedicatedVideoMemory : 4170186752 bytes
[2023.10.16-13.19.04:043][  0]LogD3D11RHI:     DedicatedSystemMemory : 0 bytes
[2023.10.16-13.19.04:043][  0]LogD3D11RHI:     SharedSystemMemory : 8243935232 bytes
[2023.10.16-13.19.04:043][  0]LogD3D11RHI:     AdapterLuid : 0 62909
[2023.10.16-13.19.04:147][  0]LogD3D11RHI: RHI has support for 64 bit atomics
[2023.10.16-13.19.04:148][  0]LogD3D11RHI: Async texture creation enabled
[2023.10.16-13.19.04:148][  0]LogD3D11RHI: Array index from any shader is supported
[2023.10.16-13.19.04:168][  0]LogD3D11RHI: GPU Timing Frequency: 1000.000000 (Debug: 2 1)
[2023.10.16-13.19.04:192][  0]LogRHI: GeForceNow SDK initialized: 1
[2023.10.16-13.19.04:438][  0]LogTargetPlatformManager: Display: Loaded TargetPlatform 'AllDesktop'
[2023.10.16-13.19.04:458][  0]LogTargetPlatformManager: Display: Loaded TargetPlatform 'Android'
[2023.10.16-13.19.04:459][  0]LogTargetPlatformManager: Display: Loaded TargetPlatform 'Android_ASTC'
[2023.10.16-13.19.04:459][  0]LogTargetPlatformManager: Display: Loaded TargetPlatform 'Android_DXT'
[2023.10.16-13.19.04:459][  0]LogTargetPlatformManager: Display: Loaded TargetPlatform 'Android_ETC2'
[2023.10.16-13.19.04:459][  0]LogTargetPlatformManager: Display: Loaded TargetPlatform 'AndroidClient'
[2023.10.16-13.19.04:459][  0]LogTargetPlatformManager: Display: Loaded TargetPlatform 'Android_ASTCClient'
[2023.10.16-13.19.04:459][  0]LogTargetPlatformManager: Display: Loaded TargetPlatform 'Android_DXTClient'
[2023.10.16-13.19.04:459][  0]LogTargetPlatformManager: Display: Loaded TargetPlatform 'Android_ETC2Client'
[2023.10.16-13.19.04:459][  0]LogTargetPlatformManager: Display: Loaded TargetPlatform 'Android_Multi'
[2023.10.16-13.19.04:459][  0]LogTargetPlatformManager: Display: Loaded TargetPlatform 'Android_MultiClient'
[2023.10.16-13.19.04:479][  0]LogTargetPlatformManager: Display: Loaded TargetPlatform 'IOSClient'
[2023.10.16-13.19.04:479][  0]LogTargetPlatformManager: Display: Loaded TargetPlatform 'IOS'
[2023.10.16-13.19.04:489][  0]LogTargetPlatformManager: Display: Loaded TargetPlatform 'Linux'
[2023.10.16-13.19.04:494][  0]LogTargetPlatformManager: Display: Loaded TargetPlatform 'LinuxNoEditor'
[2023.10.16-13.19.04:499][  0]LogTargetPlatformManager: Display: Loaded TargetPlatform 'LinuxClient'
[2023.10.16-13.19.04:504][  0]LogTargetPlatformManager: Display: Loaded TargetPlatform 'LinuxServer'
[2023.10.16-13.19.04:513][  0]LogTargetPlatformManager: Display: Loaded TargetPlatform 'LinuxAArch64NoEditor'
[2023.10.16-13.19.04:517][  0]LogTargetPlatformManager: Display: Loaded TargetPlatform 'LinuxAArch64Client'
[2023.10.16-13.19.04:523][  0]LogTargetPlatformManager: Display: Loaded TargetPlatform 'LinuxAArch64Server'
[2023.10.16-13.19.04:543][  0]LogTargetPlatformManager: Display: Loaded TargetPlatform 'Lumin'
[2023.10.16-13.19.04:544][  0]LogTargetPlatformManager: Display: Loaded TargetPlatform 'LuminClient'
[2023.10.16-13.19.04:551][  0]LogTargetPlatformManager: Display: Loaded TargetPlatform 'MacNoEditor'
[2023.10.16-13.19.04:557][  0]LogTargetPlatformManager: Display: Loaded TargetPlatform 'Mac'
[2023.10.16-13.19.04:561][  0]LogTargetPlatformManager: Display: Loaded TargetPlatform 'MacClient'
[2023.10.16-13.19.04:566][  0]LogTargetPlatformManager: Display: Loaded TargetPlatform 'MacServer'
[2023.10.16-13.19.04:575][  0]LogTargetPlatformManager: Display: Loaded TargetPlatform 'TVOSClient'
[2023.10.16-13.19.04:575][  0]LogTargetPlatformManager: Display: Loaded TargetPlatform 'TVOS'
[2023.10.16-13.19.04:583][  0]LogTargetPlatformManager: Display: Loaded TargetPlatform 'WindowsNoEditor'
[2023.10.16-13.19.04:589][  0]LogTargetPlatformManager: Display: Loaded TargetPlatform 'Windows'
[2023.10.16-13.19.04:594][  0]LogTargetPlatformManager: Display: Loaded TargetPlatform 'WindowsClient'
[2023.10.16-13.19.04:599][  0]LogTargetPlatformManager: Display: Loaded TargetPlatform 'WindowsServer'
[2023.10.16-13.19.04:599][  0]LogTargetPlatformManager: Display: Building Assets For Windows
[2023.10.16-13.19.04:609][  0]LogAudioDebug: Display: Lib vorbis DLL was dynamically loaded.
[2023.10.16-13.19.04:648][  0]LogTextureFormatOodle: Display: Oodle Texture 2.9.0 init RDO Off
[2023.10.16-13.19.04:752][  0]LogRendererCore: Ray tracing is disabled. Reason: r.RayTracing=0.
[2023.10.16-13.19.04:752][  0]LogShaderCompilers: Guid format shader working directory is -4 characters bigger than the processId version (../../../../../Users/derwl/Documents/GasRpg/GasRPG/Intermediate/Shaders/WorkingDirectory/2636/).
[2023.10.16-13.19.04:752][  0]LogShaderCompilers: Cleaned the shader compiler working directory 'C:/Users/derwl/AppData/Local/Temp/UnrealShaderWorkingDir/0CA779744D58F617A658ECBBCCFECEFD/'.
[2023.10.16-13.19.04:752][  0]LogXGEController: Cannot use XGE Controller as Incredibuild is not installed on this machine.
[2023.10.16-13.19.04:753][  0]LogShaderCompilers: Cannot use XGE Shader Compiler as Incredibuild is not installed on this machine.
[2023.10.16-13.19.04:753][  0]LogShaderCompilers: Display: Using Local Shader Compiler.
[2023.10.16-13.19.05:386][  0]LogDerivedDataCache: Display: Max Cache Size: 512 MB
[2023.10.16-13.19.05:459][  0]LogDerivedDataCache: Loaded boot cache 0.07s 111MB C:/Users/derwl/AppData/Local/UnrealEngine/4.27/DerivedDataCache/Boot.ddc.
[2023.10.16-13.19.05:459][  0]LogDerivedDataCache: Display: Loaded Boot cache: C:/Users/derwl/AppData/Local/UnrealEngine/4.27/DerivedDataCache/Boot.ddc
[2023.10.16-13.19.05:459][  0]LogDerivedDataCache: FDerivedDataBackendGraph:  Pak pak cache file ../../../../../Users/derwl/Documents/GasRpg/GasRPG/DerivedDataCache/DDC.ddp not found, will not use a pak cache.
[2023.10.16-13.19.05:460][  0]LogDerivedDataCache: Unable to find inner node Pak for hierarchical cache Hierarchy.
[2023.10.16-13.19.05:460][  0]LogDerivedDataCache: FDerivedDataBackendGraph:  CompressedPak pak cache file ../../../../../Users/derwl/Documents/GasRpg/GasRPG/DerivedDataCache/Compressed.ddp not found, will not use a pak cache.
[2023.10.16-13.19.05:460][  0]LogDerivedDataCache: Unable to find inner node CompressedPak for hierarchical cache Hierarchy.
[2023.10.16-13.19.05:479][  0]LogDerivedDataCache: Display: Pak cache opened for reading ../../../Engine/DerivedDataCache/Compressed.ddp.
[2023.10.16-13.19.05:479][  0]LogDerivedDataCache: FDerivedDataBackendGraph:  EnterprisePak pak cache file ../../../Enterprise/DerivedDataCache/Compressed.ddp not found, will not use a pak cache.
[2023.10.16-13.19.05:479][  0]LogDerivedDataCache: Unable to find inner node EnterprisePak for hierarchical cache Hierarchy.
[2023.10.16-13.19.05:489][  0]LogDerivedDataCache: Speed tests for C:/Users/derwl/AppData/Local/UnrealEngine/Common/DerivedDataCache took 0.01 seconds
[2023.10.16-13.19.05:489][  0]LogDerivedDataCache: Display: Performance to C:/Users/derwl/AppData/Local/UnrealEngine/Common/DerivedDataCache: Latency=0.03ms. RandomReadSpeed=863.70MBs, RandomWriteSpeed=114.50MBs. Assigned SpeedClass 'Local'
[2023.10.16-13.19.05:492][  0]LogDerivedDataCache: Using Local data cache path C:/Users/derwl/AppData/Local/UnrealEngine/Common/DerivedDataCache: Writable
[2023.10.16-13.19.05:492][  0]LogDerivedDataCache: Shared data cache path not found in *engine.ini, will not use an Shared cache.
[2023.10.16-13.19.05:492][  0]LogDerivedDataCache: Unable to find inner node Shared for hierarchical cache Hierarchy.
[2023.10.16-13.19.05:542][  0]LogSlate: Using FreeType 2.10.0
[2023.10.16-13.19.05:543][  0]LogSlate: SlateFontServices - WITH_FREETYPE: 1, WITH_HARFBUZZ: 1
[2023.10.16-13.19.05:570][  0]LogAssetRegistry: FAssetRegistry took 0.0043 seconds to start up
[2023.10.16-13.19.05:858][  0]LogInit: Selected Device Profile: [Windows]
[2023.10.16-13.19.05:858][  0]LogInit: Active device profile: [00000195C013EE00][00000195B2AEE240 49] Windows
[2023.10.16-13.19.05:858][  0]LogInit: Profiles: [00000195C013EE00][00000195B2AEE240 49] Windows, [00000195C00E5A00][00000195BB6043C0 49] WindowsNoEditor, [00000195C013E100][00000195BB608540 49] WindowsServer, [00000195C00E6600][00000195BC5286C0 49] WindowsClient, [00000195C013F600][00000195BE5DC800 49] IOS, [00000195C00E4B00][00000195B2BAC940 49] iPadAir, [00000195C013C200][00000195B2AEAA80 49] iPadAir2, [00000195C0098F00][00000195BD95CD00 49] IPadPro, [00000195C0099000][00000195BD726D40 49] iPadAir3, [00000195C00E7500][00000195BE438EC0 49] iPadAir4, [00000195C0099C00][00000195BE43D040 49] iPadMini2, [00000195C00E5900][00000195BE4411C0 49] iPadMini3, [00000195C009B700][00000195BE445340 49] iPadMini4, [00000195C00E7000][00000195BE4494C0 49] iPadMini5, [00000195C00D4700][00000195BE57B780 49] iPhone6, [00000195C00D4800][00000195BE44D7C0 49] iPodTouch6, [00000195C013D600][00000195BE583A80 49] iPhone7, [00000195C013D900][00000195BE57FAC0 49] iPodTouch7, [00000195C00D4100][00000195BE5860C0 49] iPhone5S, [00000195C0098400][00000195BE58A240 49] iPhone6Plus, [00000195C00D7900][00000195BE58E3C0 49] iPhone6S, [00000195C0099100][00000195BE592540 49] iPhone6SPlus, [00000195C00D6200][00000195BE5966C0 49] iPhone7Plus, [00000195C0098500][00000195BE59A840 49] iPhoneSE, [00000195C00D7800][00000195BD958980 49] iPhone8, [00000195C009AC00][00000195BE59EAC0 49] iPhone8Plus, [00000195C013EA00][00000195BE5A2C00 49] iPhoneX, [00000195C0099A00][00000195BE5A6D40 49] iPhoneXS, [00000195C013E000][00000195BD7FEEC0 49] iPhoneXSMax, [00000195C009B800][00000195BD803040 49] iPhoneXR, [00000195C013C800][00000195BD8071C0 49] iPhone11, [00000195C009BA00][00000195BD80B340 49] iPhone11Pro, [00000195C013C300][00000195BD80F4C0 49] iPhone11ProMax, [00000195C009BD00][00000195BD813640 49] iPhoneSE2, [00000195C013F800][00000195BD8177C0 49] iPhone12Mini, [00000195C009AB00][00000195BD81B940 49] iPhone12, [00000195C013F300][00000195BD81FAC0 49] iPhone12Pro, [00000195C0098200][00000195BD8220C0 49] iPhone12ProMax, [00000195C013ED00][00000195BD826240 49] iPadPro105, [00000195C0098900][00000195BD82A3C0 49] iPadPro129, [00000195C013DD00][00000195BD82E540 49] iPadPro97, [00000195C0099E00][00000195BD8326C0 49] iPadPro2_129, [00000195C013DF00][00000195B2B10840 49] iPad5, [00000195C009B500][00000195B2B149C0 49] iPad6, [00000195C013D500][00000195B2B18B40 49] iPad7, [00000195C009B400][00000195BD7FAC80 49] iPad8, [00000195C013F700][00000195B2B1CDC0 49] iPadPro11, [00000195C0099D00][00000195B2B20F00 49] iPadPro2_11, [00000195C013DB00][00000195B2B29080 49] iPadPro3_129, [00000195C009BE00][00000195B2B2D200 49] iPadPro4_129, [00000195C013FB00][00000195B2B31380 49] AppleTV, [00000195C0098300][00000195B2B35500 49] AppleTV4K, [00000195C013CE00][00000195B2B39680 49] TVOS, [00000195C009AE00][00000195B2B3D800 49] Mac, [00000195C013FC00][00000195B2B41980 49] MacClient, [00000195C0099900][00000195B2B45B00 49] MacNoEditor, [00000195C013D100][00000195B2B48100 49] MacServer, [00000195C0099700][00000195B2B4C280 49] Linux, [00000195C013F900][00000195B2B50400 49] LinuxAArch64, [00000195C009BB00][00000195B2B54580 49] LinuxNoEditor, [00000195C013E300][00000195B2B58700 49] LinuxAArch64NoEditor, [00000195C0098D00][00000195B2B5C880 49] LinuxClient, [00000195C013D000][00000195B2B60A00 49] LinuxAArch64Client, [00000195C0098600][00000195B2B64B80 49] LinuxServer, [00000195C013DA00][00000195B2B68D00 49] LinuxAArch64Server, [00000195C0099F00][00000195B2B24E40 49] Android, [00000195C013E500][00000195B2B6CF80 49] Android_Low, [00000195C009AD00][00000195B2B710C0 49] Android_Mid, [00000195C013F100][00000195B2B79240 49] Android_High, [00000195C009B100][00000195B2B7D3C0 49] Android_Default, [00000195C013D800][00000195BE245540 49] Android_Adreno4xx, [00000195C009B200][00000195BE2496C0 49] Android_Adreno5xx_Low, [00000195C00E4D00][00000195BE24D840 49] Android_Adreno5xx, [00000195C00D5D00][00000195BE2519C0 49] Android_Adreno6xx, [00000195C00E7400][00000195BE255B40 49] Android_Adreno6xx_Vulkan, [00000195C00D5200][00000195BE258140 49] Android_Mali_T6xx, [00000195C00E5E00][00000195BE25C2C0 49] Android_Mali_T7xx, [00000195C00D5500][00000195BE260440 49] Android_Mali_T8xx, [00000195C00E4F00][00000195BE2645C0 49] Android_Mali_G71, [00000195C00D6600][00000195BE268740 49] Android_Mali_G72, [00000195C00E5300][00000195BE26C8C0 49] Android_Mali_G72_Vulkan, [00000195C00D6C00][00000195BE270A40 49] Android_Mali_G76, [00000195C00E7200][00000195BE274BC0 49] Android_Mali_G76_Vulkan, [00000195C00D4E00][00000195BE278D40 49] Android_Mali_G77, [00000195C00E4E00][00000195BE27CEC0 49] Android_Mali_G77_Vulkan, [00000195C00D5C00][00000195B2B75000 49] Android_Mali_G78, [00000195C00E6500][00000195BE281140 49] Android_Mali_G78_Vulkan, [00000195C00D7000][00000195BE285280 49] Android_Mali_G710, [00000195C00E7D00][00000195BE2893C0 49] Android_Mali_G710_Vulkan, [00000195C00D7600][00000195BE291540 49] Android_Vulkan_SM5, [00000195C00E6200][00000195BE2956C0 49] Android_PowerVR_G6xxx, [00000195C00D7300][00000195BE299840 49] Android_PowerVR_GT7xxx, [00000195C00E7E00][00000195BE29D9C0 49] Android_PowerVR_GE8xxx, [00000195C00D4900][00000195BE2A1B40 49] Android_PowerVR_GM9xxx, [00000195C00E7300][00000195BE2A4140 49] Android_PowerVR_GM9xxx_Vulkan, [00000195C00D6700][00000195BE2A82C0 49] Android_TegraK1, [00000195C00E5F00][00000195BE2AC440 49] Android_Unknown_Vulkan, [00000195C00D5800][00000195BE2B05C0 49] Lumin, [00000195C0099200][00000195BE2B4740 49] Lumin_Desktop, [00000195C00D5700][00000195BE2B88C0 49] HoloLens, 
[2023.10.16-13.19.05:989][  0]LogMeshReduction: Using QuadricMeshReduction for automatic static mesh reduction
[2023.10.16-13.19.05:989][  0]LogMeshReduction: Using SimplygonMeshReduction for automatic skeletal mesh reduction
[2023.10.16-13.19.05:989][  0]LogMeshReduction: Using ProxyLODMeshReduction for automatic mesh merging
[2023.10.16-13.19.05:989][  0]LogMeshReduction: No distributed automatic mesh merging module available
[2023.10.16-13.19.05:989][  0]LogMeshMerging: No distributed automatic mesh merging module available
[2023.10.16-13.19.06:002][  0]LogNetVersion: GasRPG 1.0.0, NetCL: 17155196, EngineNetVer: 17, GameNetVer: 0 (Checksum: 3591718464)
[2023.10.16-13.19.06:347][  0]LogTexture: Default maximum texture size for cubemaps generated from long-lat sources has been changed from 512 to unlimited. In order to preserve old behaiour for '/Engine/MapTemplates/Sky/DaylightAmbientCubemap.DaylightAmbientCubemap', its maximum texture size has been explicitly set to 512.
[2023.10.16-13.19.06:409][  0]LogHMD: PokeAHoleMaterial loaded successfully
[2023.10.16-13.19.06:418][  0]LogUObjectArray: 17178 objects as part of root set at end of initial load.
[2023.10.16-13.19.06:418][  0]LogUObjectAllocator: 4302048 out of 0 bytes used by permanent object pool.
[2023.10.16-13.19.06:418][  0]LogUObjectArray: CloseDisregardForGC: 0/0 objects in disregard for GC pool
[2023.10.16-13.19.06:727][  0]LogNiagaraDebuggerClient: Niagara Debugger Client Initialized | Session: 51B88BC948D25F3B8FE7EE8E7F943549 | Instance: A48B1E124E50A3944619F6BBE9CB9D0B (DESKTOP-T0VCAE0-2636).
[2023.10.16-13.19.06:852][  0]LogUdpMessaging: Initializing bridge on interface 0.0.0.0:0 to multicast group 230.0.0.1:6666.
[2023.10.16-13.19.06:861][  0]LogTcpMessaging: Initializing TcpMessaging bridge
[2023.10.16-13.19.06:877][  0]LogPython: Using Python 3.7.7
[2023.10.16-13.19.07:330][  0]LogStats: UGameplayTagsManager::InitializeManager -  0.000 s
[2023.10.16-13.19.07:570][  0]SourceControl: Source control is disabled
[2023.10.16-13.19.07:571][  0]SourceControl: Source control is disabled
[2023.10.16-13.19.07:576][  0]SourceControl: Source control is disabled
[2023.10.16-13.19.07:580][  0]SourceControl: Source control is disabled
[2023.10.16-13.19.07:587][  0]SourceControl: Source control is disabled
[2023.10.16-13.19.07:595][  0]LogUProjectInfo: Found projects:
[2023.10.16-13.19.07:806][  0]LogOpenImageDenoise: OIDN starting up
[2023.10.16-13.19.07:825][  0]LogAndroidPermission: UAndroidPermissionCallbackProxy::GetInstance
[2023.10.16-13.19.07:854][  0]LogAudioCaptureCore: Display: No Audio Capture implementations found. Audio input will be silent.
[2023.10.16-13.19.07:854][  0]LogAudioCaptureCore: Display: No Audio Capture implementations found. Audio input will be silent.
[2023.10.16-13.19.08:058][  0]LogOcInput: OculusInput pre-init called
[2023.10.16-13.19.08:212][  0]LogCollectionManager: Loaded 0 collections in 0.001550 seconds
[2023.10.16-13.19.08:277][  0]LogFileCache: Scanning file cache for directory 'C:/Users/derwl/Documents/GasRpg/GasRPG/Saved/Collections/' took 0.00s
[2023.10.16-13.19.08:277][  0]LogFileCache: Scanning file cache for directory 'C:/Users/derwl/Documents/GasRpg/GasRPG/Content/Developers/derwl/Collections/' took 0.00s
[2023.10.16-13.19.08:277][  0]LogFileCache: Scanning file cache for directory 'C:/Users/derwl/Documents/GasRpg/GasRPG/Content/Collections/' took 0.00s
[2023.10.16-13.19.08:277][  0]LogEngine: Initializing Engine...
[2023.10.16-13.19.08:280][  0]LogHMD: Failed to enumerate extensions. Please check that you have a valid OpenXR runtime installed.
[2023.10.16-13.19.08:280][  0]LogHMD: Failed to initialize OpenVR with code 110
[2023.10.16-13.19.08:280][  0]LogMagicLeap: Warning: VR disabled because ZI is not enabled.  To enable, in the editor, Edit -> Project Settings -> Plugins -> Magic Leap Plugin -> Enable Zero Iteration
[2023.10.16-13.19.08:377][  0]LogInit: Initializing FReadOnlyCVARCache
[2023.10.16-13.19.08:385][  0]LogAIModule: Creating AISystem for world Untitled
[2023.10.16-13.19.08:396][  0]LogAudio: Display: Initializing Audio Device Manager...
[2023.10.16-13.19.08:400][  0]LogAudio: Display: Loading Default Audio Settings Objects...
[2023.10.16-13.19.08:401][  0]LogAudio: Display: No default SoundConcurrencyObject specified (or failed to load).
[2023.10.16-13.19.08:401][  0]LogAudio: Display: Audio Device Manager Initialized
[2023.10.16-13.19.08:401][  0]LogAudio: Display: Creating Audio Device:                 Id: 1, Scope: Shared, Realtime: True
[2023.10.16-13.19.08:401][  0]LogAudioMixer: Display: Audio Mixer Platform Settings:
[2023.10.16-13.19.08:401][  0]LogAudioMixer: Display: 	Sample Rate:						  48000
[2023.10.16-13.19.08:401][  0]LogAudioMixer: Display: 	Callback Buffer Frame Size Requested: 1024
[2023.10.16-13.19.08:401][  0]LogAudioMixer: Display: 	Callback Buffer Frame Size To Use:	  1024
[2023.10.16-13.19.08:401][  0]LogAudioMixer: Display: 	Number of buffers to queue:			  2
[2023.10.16-13.19.08:401][  0]LogAudioMixer: Display: 	Max Channels (voices):				  32
[2023.10.16-13.19.08:401][  0]LogAudioMixer: Display: 	Number of Async Source Workers:		  0
[2023.10.16-13.19.08:402][  0]LogAudio: Display: AudioDevice MaxSources: 32
[2023.10.16-13.19.08:402][  0]LogAudio: Display: Audio Spatialization Plugin: None (built-in).
[2023.10.16-13.19.08:402][  0]LogAudio: Display: Audio Reverb Plugin: None (built-in).
[2023.10.16-13.19.08:402][  0]LogAudio: Display: Audio Occlusion Plugin: None (built-in).
[2023.10.16-13.19.08:402][  0]LogAudioMixer: Display: Initializing audio mixer.
[2023.10.16-13.19.08:414][  0]LogAudioMixer: Display: 0: FrontLeft
[2023.10.16-13.19.08:414][  0]LogAudioMixer: Display: 1: FrontRight
[2023.10.16-13.19.08:450][  0]LogAudioMixer: Display: Using Audio Device Динамики (Realtek(R) Audio)
[2023.10.16-13.19.08:453][  0]LogAudioMixer: Display: Initializing Sound Submixes...
[2023.10.16-13.19.08:455][  0]LogAudioMixer: Display: Creating Master Submix 'MasterSubmixDefault'
[2023.10.16-13.19.08:455][  0]LogAudioMixer: Display: Creating Master Submix 'MasterReverbSubmixDefault'
[2023.10.16-13.19.08:456][  0]LogAudioMixer: Display: Creating Master Submix 'MasterEQSubmixDefault'
[2023.10.16-13.19.08:456][  0]LogAudioMixer: FMixerPlatformXAudio2::StartAudioStream() called
[2023.10.16-13.19.08:456][  0]LogAudioMixer: Display: Output buffers initialized: Frames=1024, Channels=2, Samples=2048
[2023.10.16-13.19.08:458][  0]LogAudioMixer: Display: Starting AudioMixerPlatformInterface::RunInternal()
[2023.10.16-13.19.08:458][  0]LogAudioMixer: Display: FMixerPlatformXAudio2::SubmitBuffer() called for the first time
[2023.10.16-13.19.08:458][  0]LogInit: FAudioDevice initialized.
[2023.10.16-13.19.08:458][  0]LogAudio: Display: Audio Device (ID: 1) registered with world 'Untitled'.
[2023.10.16-13.19.08:458][  0]LogNetVersion: Set ProjectVersion to 1.0.0.0. Version Checksum will be recalculated on next use.
[2023.10.16-13.19.08:511][  0]LogDerivedDataCache: Saved boot cache 0.05s 111MB C:/Users/derwl/AppData/Local/UnrealEngine/4.27/DerivedDataCache/Boot.ddc.
[2023.10.16-13.19.08:512][  0]LogInit: Texture streaming: Enabled
[2023.10.16-13.19.08:527][  0]LogAnalytics: Display: [UEEditor.Rocket.Release] APIServer = https://datarouter.ol.epicgames.com/. AppVersion = 4.27.2-18319896+++UE4+Release-4.27
[2023.10.16-13.19.08:531][  0]LogEngineSessionManager: EngineSessionManager initialized
[2023.10.16-13.19.08:531][  0]LogEditorSessionSummary: Verbose: Initializing EditorSessionSummaryWriter for editor session tracking
[2023.10.16-13.19.08:533][  0]LogEditorSessionSummary: EditorSessionSummaryWriter initialized
[2023.10.16-13.19.08:555][  0]LogInit: Transaction tracking system initialized
[2023.10.16-13.19.08:579][  0]BlueprintLog: New page: Editor Load
[2023.10.16-13.19.08:645][  0]LocalizationService: Localization service is disabled
[2023.10.16-13.19.08:671][  0]TimingProfiler: Initialize
[2023.10.16-13.19.08:672][  0]TimingProfiler: OnSessionChanged
[2023.10.16-13.19.08:672][  0]LoadingProfiler: Initialize
[2023.10.16-13.19.08:672][  0]LoadingProfiler: OnSessionChanged
[2023.10.16-13.19.08:672][  0]NetworkingProfiler: Initialize
[2023.10.16-13.19.08:672][  0]NetworkingProfiler: OnSessionChanged
[2023.10.16-13.19.08:672][  0]MemoryProfiler: Initialize
[2023.10.16-13.19.08:672][  0]MemoryProfiler: OnSessionChanged
[2023.10.16-13.19.08:811][  0]LogCook: Display: CookSettings for Memory: MemoryMaxUsedVirtual 0MiB, MemoryMaxUsedPhysical 16384MiB, MemoryMinFreeVirtual 0MiB, MemoryMinFreePhysical 1024MiB
[2023.10.16-13.19.08:811][  0]LogCook: Display: Mobile HDR setting 1
[2023.10.16-13.19.08:848][  0]LogFileCache: Scanning file cache for directory 'C:/Users/derwl/Documents/GasRpg/GasRPG/Content/' took 0.01s
[2023.10.16-13.19.08:848][  0]LogStats: FGameplayAbilitiesEditorModule::GameplayTagTreeChanged -  0.000 s
[2023.10.16-13.19.09:142][  0]LogInit: Display: Engine is initialized. Leaving FEngineLoop::Init()
[2023.10.16-13.19.09:145][  0]SourceControl: Source control is disabled
[2023.10.16-13.19.09:145][  0]LogUnrealEdMisc: Loading editor; pre map load, took 6.938
[2023.10.16-13.19.09:145][  0]Cmd: MAP LOAD FILE="../../../../../Users/derwl/Documents/GasRpg/GasRPG/Content/StarterContent/Maps/Minimal_Default.umap" TEMPLATE=0 SHOWPROGRESS=1 FEATURELEVEL=3
[2023.10.16-13.19.09:146][  0]LightingResults: New page: Lighting Build
[2023.10.16-13.19.09:147][  0]LogWorld: UWorld::CleanupWorld for Untitled, bSessionEnded=true, bCleanupResources=true
[2023.10.16-13.19.09:147][  0]LogSlate: InvalidateAllWidgets triggered.  All widgets were invalidated
[2023.10.16-13.19.09:147][  0]MapCheck: New page: Map Check
[2023.10.16-13.19.09:147][  0]LightingResults: New page: Lighting Build
[2023.10.16-13.19.09:151][  0]LogAudio: Display: Audio Device unregistered from world 'None'.
[2023.10.16-13.19.09:156][  0]LogUObjectHash: Compacting FUObjectHashTables data took   1.01ms
[2023.10.16-13.19.09:212][  0]LogAudio: Display: Audio Device (ID: 1) registered with world 'Minimal_Default'.
[2023.10.16-13.19.09:213][  0]LogAIModule: Creating AISystem for world Minimal_Default
[2023.10.16-13.19.09:219][  0]LogEditorServer: Finished looking for orphan Actors (0.000 secs)
[2023.10.16-13.19.09:225][  0]LogUObjectHash: Compacting FUObjectHashTables data took   0.76ms
[2023.10.16-13.19.09:226][  0]Cmd: MAP CHECKDEP NOCLEARLOG
[2023.10.16-13.19.09:226][  0]MapCheck: Map check complete: 0 Error(s), 0 Warning(s), took 0,152ms to complete.
[2023.10.16-13.19.09:226][  0]LogFileHelpers: Loading map 'Minimal_Default' took 0.081
[2023.10.16-13.19.09:228][  0]LogUnrealEdMisc: Total Editor Startup Time, took 7.021
[2023.10.16-13.19.09:620][  0]LogSlate: Only BGRA pngs, bmps or icos are supported in by External Image Picker
[2023.10.16-13.19.09:676][  0]LogStats: UGameplayCueManager::InitializeEditorObjectLibrary -  0.001 s
[2023.10.16-13.19.09:676][  0]LogAbilitySystem: Warning: No GameplayCueNotifyPaths were specified in DefaultGame.ini under [/Script/GameplayAbilities.AbilitySystemGlobals]. Falling back to using all of /Game/. This may be slow on large projects. Consider specifying which paths are to be searched.
[2023.10.16-13.19.09:825][  0]LogStats: Fully Loaded GameplayCueNotify object library -  0.122 s
[2023.10.16-13.19.09:827][  0]LogSlate: Took 0.000111 seconds to synchronously load lazily loaded font '../../../Engine/Content/Slate/Fonts/Roboto-Regular.ttf' (155K)
[2023.10.16-13.19.09:846][  0]LogSlate: Updating window title bar state: overlay mode, drag disabled, window buttons hidden, title bar hidden
[2023.10.16-13.19.09:851][  0]LogSlate: Updating window title bar state: overlay mode, drag disabled, window buttons hidden, title bar hidden
[2023.10.16-13.19.09:856][  0]LogSlate: Updating window title bar state: overlay mode, drag disabled, window buttons hidden, title bar hidden
[2023.10.16-13.19.09:862][  0]LogSlate: Updating window title bar state: overlay mode, drag disabled, window buttons hidden, title bar hidden
[2023.10.16-13.19.09:875][  0]LogNativeClassHierarchy: Verbose: Native class hierarchy populated in 0.0089 seconds. Added 3933 classes and 948 folders.
[2023.10.16-13.19.09:878][  0]LogNativeClassHierarchy: Verbose: Native class hierarchy updated for 'WidgetCarousel' in 0.0003 seconds. Added 0 classes and 0 folders.
[2023.10.16-13.19.09:879][  0]LogPakFile: PakFile PrimaryIndexSize=187
[2023.10.16-13.19.09:879][  0]LogPakFile: PakFile PathHashIndexSize=101
[2023.10.16-13.19.09:879][  0]LogPakFile: PakFile FullDirectoryIndexSize=148
[2023.10.16-13.19.09:879][  0]LogShaderLibrary: Display: ShaderCodeLibraryPakFileMountedCallback: PakFile 'C:/Unreal/UE_4.27/FeaturePacks/FP_FirstPerson.upack' (chunk index -1, root 'root:/') mounted
[2023.10.16-13.19.09:879][  0]LogShaderLibrary: Display: ShaderCodeLibraryPakFileMountedCallback: pending pak file info (ChunkID:-1 Root:root:/ File:C:/Unreal/UE_4.27/FeaturePacks/FP_FirstPerson.upack)
[2023.10.16-13.19.09:879][  0]LogPakFile: OnPakFileMounted2Time == 0.000130
[2023.10.16-13.19.09:880][  0]LogPakFile: PakFile PrimaryIndexSize=189
[2023.10.16-13.19.09:880][  0]LogPakFile: PakFile PathHashIndexSize=101
[2023.10.16-13.19.09:880][  0]LogPakFile: PakFile FullDirectoryIndexSize=152
[2023.10.16-13.19.09:880][  0]LogShaderLibrary: Display: ShaderCodeLibraryPakFileMountedCallback: PakFile 'C:/Unreal/UE_4.27/FeaturePacks/FP_FirstPersonBP.upack' (chunk index -1, root 'root:/') mounted
[2023.10.16-13.19.09:880][  0]LogShaderLibrary: Display: ShaderCodeLibraryPakFileMountedCallback: pending pak file info (ChunkID:-1 Root:root:/ File:C:/Unreal/UE_4.27/FeaturePacks/FP_FirstPersonBP.upack)
[2023.10.16-13.19.09:880][  0]LogPakFile: OnPakFileMounted2Time == 0.000105
[2023.10.16-13.19.09:880][  0]LogPakFile: PakFile PrimaryIndexSize=191
[2023.10.16-13.19.09:881][  0]LogPakFile: PakFile PathHashIndexSize=101
[2023.10.16-13.19.09:881][  0]LogPakFile: PakFile FullDirectoryIndexSize=160
[2023.10.16-13.19.09:881][  0]LogShaderLibrary: Display: ShaderCodeLibraryPakFileMountedCallback: PakFile 'C:/Unreal/UE_4.27/FeaturePacks/MobileStarterContent.upack' (chunk index -1, root 'root:/') mounted
[2023.10.16-13.19.09:881][  0]LogShaderLibrary: Display: ShaderCodeLibraryPakFileMountedCallback: pending pak file info (ChunkID:-1 Root:root:/ File:C:/Unreal/UE_4.27/FeaturePacks/MobileStarterContent.upack)
[2023.10.16-13.19.09:881][  0]LogPakFile: OnPakFileMounted2Time == 0.000084
[2023.10.16-13.19.09:881][  0]LogPakFile: PakFile PrimaryIndexSize=185
[2023.10.16-13.19.09:881][  0]LogPakFile: PakFile PathHashIndexSize=101
[2023.10.16-13.19.09:881][  0]LogPakFile: PakFile FullDirectoryIndexSize=148
[2023.10.16-13.19.09:881][  0]LogShaderLibrary: Display: ShaderCodeLibraryPakFileMountedCallback: PakFile 'C:/Unreal/UE_4.27/FeaturePacks/StarterContent.upack' (chunk index -1, root 'root:/') mounted
[2023.10.16-13.19.09:881][  0]LogShaderLibrary: Display: ShaderCodeLibraryPakFileMountedCallback: pending pak file info (ChunkID:-1 Root:root:/ File:C:/Unreal/UE_4.27/FeaturePacks/StarterContent.upack)
[2023.10.16-13.19.09:881][  0]LogPakFile: OnPakFileMounted2Time == 0.000085
[2023.10.16-13.19.09:882][  0]LogPakFile: PakFile PrimaryIndexSize=190
[2023.10.16-13.19.09:882][  0]LogPakFile: PakFile PathHashIndexSize=101
[2023.10.16-13.19.09:882][  0]LogPakFile: PakFile FullDirectoryIndexSize=154
[2023.10.16-13.19.09:882][  0]LogShaderLibrary: Display: ShaderCodeLibraryPakFileMountedCallback: PakFile 'C:/Unreal/UE_4.27/FeaturePacks/TP_2DSideScroller.upack' (chunk index -1, root 'root:/') mounted
[2023.10.16-13.19.09:882][  0]LogShaderLibrary: Display: ShaderCodeLibraryPakFileMountedCallback: pending pak file info (ChunkID:-1 Root:root:/ File:C:/Unreal/UE_4.27/FeaturePacks/TP_2DSideScroller.upack)
[2023.10.16-13.19.09:882][  0]LogPakFile: OnPakFileMounted2Time == 0.000080
[2023.10.16-13.19.09:882][  0]LogPakFile: PakFile PrimaryIndexSize=192
[2023.10.16-13.19.09:882][  0]LogPakFile: PakFile PathHashIndexSize=101
[2023.10.16-13.19.09:882][  0]LogPakFile: PakFile FullDirectoryIndexSize=158
[2023.10.16-13.19.09:882][  0]LogShaderLibrary: Display: ShaderCodeLibraryPakFileMountedCallback: PakFile 'C:/Unreal/UE_4.27/FeaturePacks/TP_2DSideScrollerBP.upack' (chunk index -1, root 'root:/') mounted
[2023.10.16-13.19.09:883][  0]LogShaderLibrary: Display: ShaderCodeLibraryPakFileMountedCallback: pending pak file info (ChunkID:-1 Root:root:/ File:C:/Unreal/UE_4.27/FeaturePacks/TP_2DSideScrollerBP.upack)
[2023.10.16-13.19.09:883][  0]LogPakFile: OnPakFileMounted2Time == 0.000099
[2023.10.16-13.19.09:883][  0]LogPakFile: PakFile PrimaryIndexSize=182
[2023.10.16-13.19.09:883][  0]LogPakFile: PakFile PathHashIndexSize=101
[2023.10.16-13.19.09:883][  0]LogPakFile: PakFile FullDirectoryIndexSize=138
[2023.10.16-13.19.09:883][  0]LogShaderLibrary: Display: ShaderCodeLibraryPakFileMountedCallback: PakFile 'C:/Unreal/UE_4.27/FeaturePacks/TP_Flying.upack' (chunk index -1, root 'root:/') mounted
[2023.10.16-13.19.09:883][  0]LogShaderLibrary: Display: ShaderCodeLibraryPakFileMountedCallback: pending pak file info (ChunkID:-1 Root:root:/ File:C:/Unreal/UE_4.27/FeaturePacks/TP_Flying.upack)
[2023.10.16-13.19.09:883][  0]LogPakFile: OnPakFileMounted2Time == 0.000087
[2023.10.16-13.19.09:884][  0]LogPakFile: PakFile PrimaryIndexSize=184
[2023.10.16-13.19.09:884][  0]LogPakFile: PakFile PathHashIndexSize=101
[2023.10.16-13.19.09:884][  0]LogPakFile: PakFile FullDirectoryIndexSize=142
[2023.10.16-13.19.09:884][  0]LogShaderLibrary: Display: ShaderCodeLibraryPakFileMountedCallback: PakFile 'C:/Unreal/UE_4.27/FeaturePacks/TP_FlyingBP.upack' (chunk index -1, root 'root:/') mounted
[2023.10.16-13.19.09:884][  0]LogShaderLibrary: Display: ShaderCodeLibraryPakFileMountedCallback: pending pak file info (ChunkID:-1 Root:root:/ File:C:/Unreal/UE_4.27/FeaturePacks/TP_FlyingBP.upack)
[2023.10.16-13.19.09:884][  0]LogPakFile: OnPakFileMounted2Time == 0.000087
[2023.10.16-13.19.09:884][  0]LogPakFile: PakFile PrimaryIndexSize=188
[2023.10.16-13.19.09:884][  0]LogPakFile: PakFile PathHashIndexSize=101
[2023.10.16-13.19.09:884][  0]LogPakFile: PakFile FullDirectoryIndexSize=150
[2023.10.16-13.19.09:884][  0]LogShaderLibrary: Display: ShaderCodeLibraryPakFileMountedCallback: PakFile 'C:/Unreal/UE_4.27/FeaturePacks/TP_HandheldARBP.upack' (chunk index -1, root 'root:/') mounted
[2023.10.16-13.19.09:884][  0]LogShaderLibrary: Display: ShaderCodeLibraryPakFileMountedCallback: pending pak file info (ChunkID:-1 Root:root:/ File:C:/Unreal/UE_4.27/FeaturePacks/TP_HandheldARBP.upack)
[2023.10.16-13.19.09:884][  0]LogPakFile: OnPakFileMounted2Time == 0.000082
[2023.10.16-13.19.09:885][  0]LogPakFile: PakFile PrimaryIndexSize=182
[2023.10.16-13.19.09:885][  0]LogPakFile: PakFile PathHashIndexSize=101
[2023.10.16-13.19.09:885][  0]LogPakFile: PakFile FullDirectoryIndexSize=138
[2023.10.16-13.19.09:885][  0]LogShaderLibrary: Display: ShaderCodeLibraryPakFileMountedCallback: PakFile 'C:/Unreal/UE_4.27/FeaturePacks/TP_Puzzle.upack' (chunk index -1, root 'root:/') mounted
[2023.10.16-13.19.09:885][  0]LogShaderLibrary: Display: ShaderCodeLibraryPakFileMountedCallback: pending pak file info (ChunkID:-1 Root:root:/ File:C:/Unreal/UE_4.27/FeaturePacks/TP_Puzzle.upack)
[2023.10.16-13.19.09:885][  0]LogPakFile: OnPakFileMounted2Time == 0.000096
[2023.10.16-13.19.09:886][  0]LogPakFile: PakFile PrimaryIndexSize=184
[2023.10.16-13.19.09:886][  0]LogPakFile: PakFile PathHashIndexSize=101
[2023.10.16-13.19.09:886][  0]LogPakFile: PakFile FullDirectoryIndexSize=142
[2023.10.16-13.19.09:886][  0]LogShaderLibrary: Display: ShaderCodeLibraryPakFileMountedCallback: PakFile 'C:/Unreal/UE_4.27/FeaturePacks/TP_PuzzleBP.upack' (chunk index -1, root 'root:/') mounted
[2023.10.16-13.19.09:886][  0]LogShaderLibrary: Display: ShaderCodeLibraryPakFileMountedCallback: pending pak file info (ChunkID:-1 Root:root:/ File:C:/Unreal/UE_4.27/FeaturePacks/TP_PuzzleBP.upack)
[2023.10.16-13.19.09:886][  0]LogPakFile: OnPakFileMounted2Time == 0.000106
[2023.10.16-13.19.09:886][  0]LogPakFile: PakFile PrimaryIndexSize=183
[2023.10.16-13.19.09:886][  0]LogPakFile: PakFile PathHashIndexSize=101
[2023.10.16-13.19.09:887][  0]LogPakFile: PakFile FullDirectoryIndexSize=140
[2023.10.16-13.19.09:887][  0]LogShaderLibrary: Display: ShaderCodeLibraryPakFileMountedCallback: PakFile 'C:/Unreal/UE_4.27/FeaturePacks/TP_Rolling.upack' (chunk index -1, root 'root:/') mounted
[2023.10.16-13.19.09:887][  0]LogShaderLibrary: Display: ShaderCodeLibraryPakFileMountedCallback: pending pak file info (ChunkID:-1 Root:root:/ File:C:/Unreal/UE_4.27/FeaturePacks/TP_Rolling.upack)
[2023.10.16-13.19.09:887][  0]LogPakFile: OnPakFileMounted2Time == 0.000096
[2023.10.16-13.19.09:887][  0]LogPakFile: PakFile PrimaryIndexSize=185
[2023.10.16-13.19.09:887][  0]LogPakFile: PakFile PathHashIndexSize=101
[2023.10.16-13.19.09:887][  0]LogPakFile: PakFile FullDirectoryIndexSize=144
[2023.10.16-13.19.09:887][  0]LogShaderLibrary: Display: ShaderCodeLibraryPakFileMountedCallback: PakFile 'C:/Unreal/UE_4.27/FeaturePacks/TP_RollingBP.upack' (chunk index -1, root 'root:/') mounted
[2023.10.16-13.19.09:887][  0]LogShaderLibrary: Display: ShaderCodeLibraryPakFileMountedCallback: pending pak file info (ChunkID:-1 Root:root:/ File:C:/Unreal/UE_4.27/FeaturePacks/TP_RollingBP.upack)
[2023.10.16-13.19.09:887][  0]LogPakFile: OnPakFileMounted2Time == 0.000096
[2023.10.16-13.19.09:888][  0]LogPakFile: PakFile PrimaryIndexSize=188
[2023.10.16-13.19.09:888][  0]LogPakFile: PakFile PathHashIndexSize=101
[2023.10.16-13.19.09:888][  0]LogPakFile: PakFile FullDirectoryIndexSize=150
[2023.10.16-13.19.09:888][  0]LogShaderLibrary: Display: ShaderCodeLibraryPakFileMountedCallback: PakFile 'C:/Unreal/UE_4.27/FeaturePacks/TP_SideScroller.upack' (chunk index -1, root 'root:/') mounted
[2023.10.16-13.19.09:888][  0]LogShaderLibrary: Display: ShaderCodeLibraryPakFileMountedCallback: pending pak file info (ChunkID:-1 Root:root:/ File:C:/Unreal/UE_4.27/FeaturePacks/TP_SideScroller.upack)
[2023.10.16-13.19.09:888][  0]LogPakFile: OnPakFileMounted2Time == 0.000089
[2023.10.16-13.19.09:888][  0]LogPakFile: PakFile PrimaryIndexSize=190
[2023.10.16-13.19.09:888][  0]LogPakFile: PakFile PathHashIndexSize=101
[2023.10.16-13.19.09:889][  0]LogPakFile: PakFile FullDirectoryIndexSize=154
[2023.10.16-13.19.09:889][  0]LogShaderLibrary: Display: ShaderCodeLibraryPakFileMountedCallback: PakFile 'C:/Unreal/UE_4.27/FeaturePacks/TP_SideScrollerBP.upack' (chunk index -1, root 'root:/') mounted
[2023.10.16-13.19.09:889][  0]LogShaderLibrary: Display: ShaderCodeLibraryPakFileMountedCallback: pending pak file info (ChunkID:-1 Root:root:/ File:C:/Unreal/UE_4.27/FeaturePacks/TP_SideScrollerBP.upack)
[2023.10.16-13.19.09:889][  0]LogPakFile: OnPakFileMounted2Time == 0.000109
[2023.10.16-13.19.09:889][  0]LogPakFile: PakFile PrimaryIndexSize=187
[2023.10.16-13.19.09:889][  0]LogPakFile: PakFile PathHashIndexSize=101
[2023.10.16-13.19.09:889][  0]LogPakFile: PakFile FullDirectoryIndexSize=148
[2023.10.16-13.19.09:889][  0]LogShaderLibrary: Display: ShaderCodeLibraryPakFileMountedCallback: PakFile 'C:/Unreal/UE_4.27/FeaturePacks/TP_ThirdPerson.upack' (chunk index -1, root 'root:/') mounted
[2023.10.16-13.19.09:889][  0]LogShaderLibrary: Display: ShaderCodeLibraryPakFileMountedCallback: pending pak file info (ChunkID:-1 Root:root:/ File:C:/Unreal/UE_4.27/FeaturePacks/TP_ThirdPerson.upack)
[2023.10.16-13.19.09:889][  0]LogPakFile: OnPakFileMounted2Time == 0.000100
[2023.10.16-13.19.09:890][  0]LogPakFile: PakFile PrimaryIndexSize=189
[2023.10.16-13.19.09:890][  0]LogPakFile: PakFile PathHashIndexSize=101
[2023.10.16-13.19.09:890][  0]LogPakFile: PakFile FullDirectoryIndexSize=152
[2023.10.16-13.19.09:890][  0]LogShaderLibrary: Display: ShaderCodeLibraryPakFileMountedCallback: PakFile 'C:/Unreal/UE_4.27/FeaturePacks/TP_ThirdPersonBP.upack' (chunk index -1, root 'root:/') mounted
[2023.10.16-13.19.09:890][  0]LogShaderLibrary: Display: ShaderCodeLibraryPakFileMountedCallback: pending pak file info (ChunkID:-1 Root:root:/ File:C:/Unreal/UE_4.27/FeaturePacks/TP_ThirdPersonBP.upack)
[2023.10.16-13.19.09:890][  0]LogPakFile: OnPakFileMounted2Time == 0.000095
[2023.10.16-13.19.09:891][  0]LogPakFile: PakFile PrimaryIndexSize=183
[2023.10.16-13.19.09:891][  0]LogPakFile: PakFile PathHashIndexSize=101
[2023.10.16-13.19.09:891][  0]LogPakFile: PakFile FullDirectoryIndexSize=140
[2023.10.16-13.19.09:891][  0]LogShaderLibrary: Display: ShaderCodeLibraryPakFileMountedCallback: PakFile 'C:/Unreal/UE_4.27/FeaturePacks/TP_TopDown.upack' (chunk index -1, root 'root:/') mounted
[2023.10.16-13.19.09:891][  0]LogShaderLibrary: Display: ShaderCodeLibraryPakFileMountedCallback: pending pak file info (ChunkID:-1 Root:root:/ File:C:/Unreal/UE_4.27/FeaturePacks/TP_TopDown.upack)
[2023.10.16-13.19.09:891][  0]LogPakFile: OnPakFileMounted2Time == 0.000092
[2023.10.16-13.19.09:891][  0]LogPakFile: PakFile PrimaryIndexSize=185
[2023.10.16-13.19.09:891][  0]LogPakFile: PakFile PathHashIndexSize=101
[2023.10.16-13.19.09:891][  0]LogPakFile: PakFile FullDirectoryIndexSize=144
[2023.10.16-13.19.09:891][  0]LogShaderLibrary: Display: ShaderCodeLibraryPakFileMountedCallback: PakFile 'C:/Unreal/UE_4.27/FeaturePacks/TP_TopDownBP.upack' (chunk index -1, root 'root:/') mounted
[2023.10.16-13.19.09:891][  0]LogShaderLibrary: Display: ShaderCodeLibraryPakFileMountedCallback: pending pak file info (ChunkID:-1 Root:root:/ File:C:/Unreal/UE_4.27/FeaturePacks/TP_TopDownBP.upack)
[2023.10.16-13.19.09:891][  0]LogPakFile: OnPakFileMounted2Time == 0.000095
[2023.10.16-13.19.09:892][  0]LogPakFile: PakFile PrimaryIndexSize=185
[2023.10.16-13.19.09:892][  0]LogPakFile: PakFile PathHashIndexSize=101
[2023.10.16-13.19.09:892][  0]LogPakFile: PakFile FullDirectoryIndexSize=144
[2023.10.16-13.19.09:892][  0]LogShaderLibrary: Display: ShaderCodeLibraryPakFileMountedCallback: PakFile 'C:/Unreal/UE_4.27/FeaturePacks/TP_TwinStick.upack' (chunk index -1, root 'root:/') mounted
[2023.10.16-13.19.09:892][  0]LogShaderLibrary: Display: ShaderCodeLibraryPakFileMountedCallback: pending pak file info (ChunkID:-1 Root:root:/ File:C:/Unreal/UE_4.27/FeaturePacks/TP_TwinStick.upack)
[2023.10.16-13.19.09:892][  0]LogPakFile: OnPakFileMounted2Time == 0.000092
[2023.10.16-13.19.09:893][  0]LogPakFile: PakFile PrimaryIndexSize=187
[2023.10.16-13.19.09:893][  0]LogPakFile: PakFile PathHashIndexSize=101
[2023.10.16-13.19.09:893][  0]LogPakFile: PakFile FullDirectoryIndexSize=148
[2023.10.16-13.19.09:893][  0]LogShaderLibrary: Display: ShaderCodeLibraryPakFileMountedCallback: PakFile 'C:/Unreal/UE_4.27/FeaturePacks/TP_TwinStickBP.upack' (chunk index -1, root 'root:/') mounted
[2023.10.16-13.19.09:893][  0]LogShaderLibrary: Display: ShaderCodeLibraryPakFileMountedCallback: pending pak file info (ChunkID:-1 Root:root:/ File:C:/Unreal/UE_4.27/FeaturePacks/TP_TwinStickBP.upack)
[2023.10.16-13.19.09:893][  0]LogPakFile: OnPakFileMounted2Time == 0.000094
[2023.10.16-13.19.09:893][  0]LogPakFile: PakFile PrimaryIndexSize=183
[2023.10.16-13.19.09:893][  0]LogPakFile: PakFile PathHashIndexSize=101
[2023.10.16-13.19.09:893][  0]LogPakFile: PakFile FullDirectoryIndexSize=140
[2023.10.16-13.19.09:893][  0]LogShaderLibrary: Display: ShaderCodeLibraryPakFileMountedCallback: PakFile 'C:/Unreal/UE_4.27/FeaturePacks/TP_Vehicle.upack' (chunk index -1, root 'root:/') mounted
[2023.10.16-13.19.09:893][  0]LogShaderLibrary: Display: ShaderCodeLibraryPakFileMountedCallback: pending pak file info (ChunkID:-1 Root:root:/ File:C:/Unreal/UE_4.27/FeaturePacks/TP_Vehicle.upack)
[2023.10.16-13.19.09:893][  0]LogPakFile: OnPakFileMounted2Time == 0.000083
[2023.10.16-13.19.09:894][  0]LogPakFile: PakFile PrimaryIndexSize=186
[2023.10.16-13.19.09:894][  0]LogPakFile: PakFile PathHashIndexSize=101
[2023.10.16-13.19.09:894][  0]LogPakFile: PakFile FullDirectoryIndexSize=146
[2023.10.16-13.19.09:894][  0]LogShaderLibrary: Display: ShaderCodeLibraryPakFileMountedCallback: PakFile 'C:/Unreal/UE_4.27/FeaturePacks/TP_VehicleAdv.upack' (chunk index -1, root 'root:/') mounted
[2023.10.16-13.19.09:894][  0]LogShaderLibrary: Display: ShaderCodeLibraryPakFileMountedCallback: pending pak file info (ChunkID:-1 Root:root:/ File:C:/Unreal/UE_4.27/FeaturePacks/TP_VehicleAdv.upack)
[2023.10.16-13.19.09:894][  0]LogPakFile: OnPakFileMounted2Time == 0.000086
[2023.10.16-13.19.09:895][  0]LogPakFile: PakFile PrimaryIndexSize=188
[2023.10.16-13.19.09:895][  0]LogPakFile: PakFile PathHashIndexSize=101
[2023.10.16-13.19.09:895][  0]LogPakFile: PakFile FullDirectoryIndexSize=150
[2023.10.16-13.19.09:895][  0]LogShaderLibrary: Display: ShaderCodeLibraryPakFileMountedCallback: PakFile 'C:/Unreal/UE_4.27/FeaturePacks/TP_VehicleAdvBP.upack' (chunk index -1, root 'root:/') mounted
[2023.10.16-13.19.09:895][  0]LogShaderLibrary: Display: ShaderCodeLibraryPakFileMountedCallback: pending pak file info (ChunkID:-1 Root:root:/ File:C:/Unreal/UE_4.27/FeaturePacks/TP_VehicleAdvBP.upack)
[2023.10.16-13.19.09:895][  0]LogPakFile: OnPakFileMounted2Time == 0.000086
[2023.10.16-13.19.09:895][  0]LogPakFile: PakFile PrimaryIndexSize=185
[2023.10.16-13.19.09:895][  0]LogPakFile: PakFile PathHashIndexSize=101
[2023.10.16-13.19.09:895][  0]LogPakFile: PakFile FullDirectoryIndexSize=144
[2023.10.16-13.19.09:895][  0]LogShaderLibrary: Display: ShaderCodeLibraryPakFileMountedCallback: PakFile 'C:/Unreal/UE_4.27/FeaturePacks/TP_VehicleBP.upack' (chunk index -1, root 'root:/') mounted
[2023.10.16-13.19.09:895][  0]LogShaderLibrary: Display: ShaderCodeLibraryPakFileMountedCallback: pending pak file info (ChunkID:-1 Root:root:/ File:C:/Unreal/UE_4.27/FeaturePacks/TP_VehicleBP.upack)
[2023.10.16-13.19.09:895][  0]LogPakFile: OnPakFileMounted2Time == 0.000086
[2023.10.16-13.19.09:896][  0]LogPakFile: PakFile PrimaryIndexSize=192
[2023.10.16-13.19.09:896][  0]LogPakFile: PakFile PathHashIndexSize=101
[2023.10.16-13.19.09:896][  0]LogPakFile: PakFile FullDirectoryIndexSize=158
[2023.10.16-13.19.09:896][  0]LogShaderLibrary: Display: ShaderCodeLibraryPakFileMountedCallback: PakFile 'C:/Unreal/UE_4.27/FeaturePacks/TP_VirtualRealityBP.upack' (chunk index -1, root 'root:/') mounted
[2023.10.16-13.19.09:896][  0]LogShaderLibrary: Display: ShaderCodeLibraryPakFileMountedCallback: pending pak file info (ChunkID:-1 Root:root:/ File:C:/Unreal/UE_4.27/FeaturePacks/TP_VirtualRealityBP.upack)
[2023.10.16-13.19.09:896][  0]LogPakFile: OnPakFileMounted2Time == 0.000085
[2023.10.16-13.19.09:928][  0]LogNativeClassHierarchy: Verbose: Native class hierarchy updated for 'AddContentDialog' in 0.0003 seconds. Added 0 classes and 0 folders.
[2023.10.16-13.19.09:932][  0]LogNativeClassHierarchy: Verbose: Native class hierarchy updated for 'SceneOutliner' in 0.0003 seconds. Added 2 classes and 0 folders.
[2023.10.16-13.19.09:971][  0]LogSlate: Took 0.000194 seconds to synchronously load lazily loaded font '../../../Engine/Content/Editor/Slate/Fonts/FontAwesome.ttf' (139K)
[2023.10.16-13.19.09:972][  0]LogSlate: Took 0.000113 seconds to synchronously load lazily loaded font '../../../Engine/Content/Slate/Fonts/Roboto-Bold.ttf' (160K)
[2023.10.16-13.19.09:976][  0]LogSlate: Took 0.000151 seconds to synchronously load lazily loaded font '../../../Engine/Content/Slate/Fonts/DroidSansMono.ttf' (77K)
[2023.10.16-13.19.10:086][  0]LogRenderer: Reallocating scene render targets to support 1208x572 Format 9 NumSamples 1 (Frame:1).
[2023.10.16-13.19.10:184][  0]LogNativeClassHierarchy: Verbose: Native class hierarchy updated for 'HierarchicalLODOutliner' in 0.0003 seconds. Added 0 classes and 0 folders.
[2023.10.16-13.19.10:184][  0]LogLoad: (Engine Initialization) Total time: 7.98 seconds
[2023.10.16-13.19.10:184][  0]LogLoad: (Engine Initialization) Total Blueprint compile time: 0.00 seconds
[2023.10.16-13.19.10:230][  0]LogAssetRegistry: Asset discovery search completed in 4.6632 seconds
[2023.10.16-13.19.10:232][  0]LogStats: UGameplayCueManager::InitializeEditorObjectLibrary -  0.002 s
[2023.10.16-13.19.10:236][  0]LogCollectionManager: Fixed up redirectors for 0 collections in 0.000003 seconds (updated 0 objects)
[2023.10.16-13.19.10:236][  0]LogContentStreaming: Texture pool size now 400 MB
[2023.10.16-13.19.18:144][ 65]LogTemp: Repeating last play command: Selected Viewport
[2023.10.16-13.19.18:148][ 65]LogPlayLevel: PlayLevel: No blueprints needed recompiling
[2023.10.16-13.19.18:149][ 65]PIE: New page: PIE session: Minimal_Default (16 окт. 2023 г., 19:19:18)
[2023.10.16-13.19.18:151][ 65]LogOnline: OSS: Creating online subsystem instance for: NULL
[2023.10.16-13.19.18:153][ 65]LogOnline: OSS: TryLoadSubsystemAndSetDefault: Loaded subsystem for module [NULL]
[2023.10.16-13.19.18:153][ 65]LogPlayLevel: Creating play world package: /Game/StarterContent/Maps/UEDPIE_0_Minimal_Default
[2023.10.16-13.19.18:157][ 65]LogPlayLevel: PIE: StaticDuplicateObject took: (0.003888s)
[2023.10.16-13.19.18:158][ 65]LogAIModule: Creating AISystem for world Minimal_Default
[2023.10.16-13.19.18:158][ 65]LogPlayLevel: PIE: World Init took: (0.001110s)
[2023.10.16-13.19.18:158][ 65]LogPlayLevel: PIE: Created PIE world by copying editor world from /Game/StarterContent/Maps/Minimal_Default.Minimal_Default to /Game/StarterContent/Maps/UEDPIE_0_Minimal_Default.Minimal_Default (0.005345s)
[2023.10.16-13.19.18:196][ 65]LogUObjectHash: Compacting FUObjectHashTables data took   0.90ms
[2023.10.16-13.19.18:198][ 65]LogAudio: Display: Creating Audio Device:                 Id: 2, Scope: Unique, Realtime: True
[2023.10.16-13.19.18:198][ 65]LogAudioMixer: Display: Audio Mixer Platform Settings:
[2023.10.16-13.19.18:198][ 65]LogAudioMixer: Display: 	Sample Rate:						  48000
[2023.10.16-13.19.18:198][ 65]LogAudioMixer: Display: 	Callback Buffer Frame Size Requested: 1024
[2023.10.16-13.19.18:198][ 65]LogAudioMixer: Display: 	Callback Buffer Frame Size To Use:	  1024
[2023.10.16-13.19.18:198][ 65]LogAudioMixer: Display: 	Number of buffers to queue:			  2
[2023.10.16-13.19.18:198][ 65]LogAudioMixer: Display: 	Max Channels (voices):				  32
[2023.10.16-13.19.18:198][ 65]LogAudioMixer: Display: 	Number of Async Source Workers:		  0
[2023.10.16-13.19.18:198][ 65]LogAudio: Display: AudioDevice MaxSources: 32
[2023.10.16-13.19.18:199][ 65]LogAudio: Display: Audio Spatialization Plugin: None (built-in).
[2023.10.16-13.19.18:199][ 65]LogAudio: Display: Audio Reverb Plugin: None (built-in).
[2023.10.16-13.19.18:199][ 65]LogAudio: Display: Audio Occlusion Plugin: None (built-in).
[2023.10.16-13.19.18:199][ 65]LogAudioMixer: Display: Initializing audio mixer.
[2023.10.16-13.19.18:200][ 65]LogAudioMixer: Display: 0: FrontLeft
[2023.10.16-13.19.18:200][ 65]LogAudioMixer: Display: 1: FrontRight
[2023.10.16-13.19.18:228][ 65]LogAudioMixer: Display: Using Audio Device Динамики (Realtek(R) Audio)
[2023.10.16-13.19.18:228][ 65]LogAudioMixer: Display: Initializing Sound Submixes...
[2023.10.16-13.19.18:228][ 65]LogAudioMixer: Display: Creating Master Submix 'MasterSubmixDefault'
[2023.10.16-13.19.18:229][ 65]LogAudioMixer: Display: Creating Master Submix 'MasterReverbSubmixDefault'
[2023.10.16-13.19.18:229][ 65]LogAudioMixer: Display: Creating Master Submix 'MasterEQSubmixDefault'
[2023.10.16-13.19.18:229][ 65]LogAudioMixer: FMixerPlatformXAudio2::StartAudioStream() called
[2023.10.16-13.19.18:229][ 65]LogAudioMixer: Display: Output buffers initialized: Frames=1024, Channels=2, Samples=2048
[2023.10.16-13.19.18:231][ 65]LogAudioMixer: Display: Starting AudioMixerPlatformInterface::RunInternal()
[2023.10.16-13.19.18:231][ 65]LogAudioMixer: Display: FMixerPlatformXAudio2::SubmitBuffer() called for the first time
[2023.10.16-13.19.18:231][ 65]LogInit: FAudioDevice initialized.
[2023.10.16-13.19.18:231][ 65]LogAudio: Display: Audio Device (ID: 2) registered with world 'Minimal_Default'.
[2023.10.16-13.19.18:246][ 65]LogLoad: Game class is 'BP_GasGameMode_C'
[2023.10.16-13.19.18:248][ 65]LogWorld: Bringing World /Game/StarterContent/Maps/UEDPIE_0_Minimal_Default.Minimal_Default up for play (max tick rate 60) at 2023.10.16-16.19.18
[2023.10.16-13.19.18:248][ 65]LogWorld: Bringing up level for play took: 0.000570
[2023.10.16-13.19.18:248][ 65]LogOnline: OSS: Creating online subsystem instance for: :Context_2
[2023.10.16-13.19.18:252][ 65]LogNativeClassHierarchy: Verbose: Native class hierarchy updated for 'MovieSceneCapture' in 0.0003 seconds. Added 20 classes and 0 folders.
[2023.10.16-13.19.18:252][ 65]AnimBlueprintLog: Warning: SLOTNODE: 'DefaultSlot' in animation instance class ABP_Player_C already exists. Remove duplicates from the animation graph for this class.
[2023.10.16-13.19.18:254][ 65]PIE: Server logged in
[2023.10.16-13.19.18:256][ 65]PIE: Play in editor total start time 0,108 seconds.
