Log file open, 10/16/23 17:32:27
LogWindows: Failed to load 'aqProf.dll' (GetLastError=126)
LogWindows: File 'aqProf.dll' does not exist
LogWindows: Failed to load 'VtuneApi.dll' (GetLastError=126)
LogWindows: File 'VtuneApi.dll' does not exist
LogWindows: Failed to load 'VtuneApi32e.dll' (GetLastError=126)
LogWindows: File 'VtuneApi32e.dll' does not exist
LogConsoleResponse: Display: Failed to find resolution value strings in scalability ini. Falling back to default.
LogConsoleResponse: Display: Failed to find resolution value strings in scalability ini. Falling back to default.
LogInit: Display: Running engine for game: GasRPG
LogPlatformFile: Not using cached read wrapper
LogTaskGraph: Started task graph with 5 named threads and 35 total threads with 3 sets of task threads.
LogStats: Stats thread started at 0.261247
LogICUInternationalization: ICU TimeZone Detection - Raw Offset: +3:00, Platform Override: ''
LogInit: Display: Loading text-based GConfig....
LogPluginManager: Mounting plugin MeshPainting
LogPluginManager: Mounting plugin XGEController
LogPluginManager: Mounting plugin Paper2D
LogPluginManager: Mounting plugin AISupport
LogPluginManager: Mounting plugin EnvironmentQueryEditor
LogPluginManager: Mounting plugin GameplayCameras
LogPluginManager: Mounting plugin CameraShakePreviewer
LogPluginManager: Mounting plugin LightPropagationVolume
LogPluginManager: Mounting plugin OodleData
LogPluginManager: Mounting plugin OodleNetwork
LogPluginManager: Mounting plugin AssetManagerEditor
LogPluginManager: Mounting plugin CurveEditorTools
LogPluginManager: Mounting plugin LiveLink
LogPluginManager: Mounting plugin DataValidation
LogPluginManager: Mounting plugin CryptoKeys
LogPluginManager: Mounting plugin AnimationSharing
LogPluginManager: Mounting plugin FacialAnimation
LogPluginManager: Mounting plugin GameplayTagsEditor
LogPluginManager: Mounting plugin GeometryMode
LogPluginManager: Mounting plugin MacGraphicsSwitching
LogPluginManager: Mounting plugin MobileLauncherProfileWizard
LogPluginManager: Mounting plugin MaterialAnalyzer
LogPluginManager: Mounting plugin PluginBrowser
LogPluginManager: Mounting plugin CodeLiteSourceCodeAccess
LogPluginManager: Mounting plugin SpeedTreeImporter
LogPluginManager: Mounting plugin NullSourceCodeAccess
LogPluginManager: Mounting plugin PerforceSourceControl
LogPluginManager: Mounting plugin PixWinPlugin
LogPluginManager: Mounting plugin KDevelopSourceCodeAccess
LogPluginManager: Mounting plugin GitSourceControl
LogPluginManager: Mounting plugin LuminPlatformFeatures
LogPluginManager: Mounting plugin PlasticSourceControl
LogPluginManager: Mounting plugin PropertyAccessNode
LogPluginManager: Mounting plugin PluginUtils
LogPluginManager: Mounting plugin AndroidMedia
LogPluginManager: Mounting plugin SubversionSourceControl
LogPluginManager: Mounting plugin RiderSourceCodeAccess
LogPluginManager: Mounting plugin TextureFormatOodle
LogPluginManager: Mounting plugin MagicLeap
LogPluginManager: Mounting plugin TcpMessaging
LogPluginManager: Mounting plugin Niagara
LogPluginManager: Mounting plugin UdpMessaging
LogPluginManager: Mounting plugin MagicLeapLightEstimation
LogPluginManager: Mounting plugin UObjectPlugin
LogPluginManager: Mounting plugin MagicLeapMedia
LogPluginManager: Mounting plugin AlembicImporter
LogPluginManager: Mounting plugin MagicLeapPassableWorld
LogPluginManager: Mounting plugin AutomationUtils
LogPluginManager: Mounting plugin DatasmithContent
LogPluginManager: Mounting plugin VisualStudioCodeSourceCodeAccess
LogPluginManager: Mounting plugin AvfMedia
LogPluginManager: Mounting plugin CLionSourceCodeAccess
LogPluginManager: Mounting plugin MLSDK
LogPluginManager: Mounting plugin XCodeSourceCodeAccess
LogPluginManager: Mounting plugin BackChannel
LogPluginManager: Mounting plugin ImgMedia
LogPluginManager: Mounting plugin ChaosCloth
LogPluginManager: Mounting plugin ChaosClothEditor
LogPluginManager: Mounting plugin MediaCompositing
LogPluginManager: Mounting plugin VariantManagerContent
LogPluginManager: Mounting plugin ChaosEditor
LogPluginManager: Mounting plugin ChaosNiagara
LogPluginManager: Mounting plugin ChaosSolverPlugin
LogPluginManager: Mounting plugin VisualStudioSourceCodeAccess
LogPluginManager: Mounting plugin MediaPlayerEditor
LogPluginManager: Mounting plugin CharacterAI
LogPluginManager: Mounting plugin WebMMedia
LogPluginManager: Mounting plugin WmfMedia
LogPluginManager: Mounting plugin GeometryCache
LogPluginManager: Mounting plugin GeometryCollectionPlugin
LogPluginManager: Mounting plugin GeometryProcessing
LogPluginManager: Mounting plugin MotoSynth
LogPluginManager: Mounting plugin OpenImageDenoise
LogPluginManager: Mounting plugin PlatformCrypto
LogPluginManager: Mounting plugin PlanarCut
LogPluginManager: Mounting plugin PythonScriptPlugin
LogPluginManager: Mounting plugin ProxyLODPlugin
LogPluginManager: Mounting plugin SkeletalReduction
LogPluginManager: Mounting plugin OnlineSubsystemNull
LogPluginManager: Mounting plugin OnlineSubsystem
LogPluginManager: Mounting plugin OnlineSubsystemUtils
LogPluginManager: Mounting plugin LauncherChunkInstaller
LogPluginManager: Mounting plugin ActorLayerUtilities
LogPluginManager: Mounting plugin AndroidDeviceProfileSelector
LogPluginManager: Mounting plugin AndroidMoviePlayer
LogPluginManager: Mounting plugin AndroidPermission
LogPluginManager: Mounting plugin AppleImageUtils
LogPluginManager: Mounting plugin AppleMoviePlayer
LogPluginManager: Mounting plugin ArchVisCharacter
LogPluginManager: Mounting plugin AssetTags
LogPluginManager: Mounting plugin AudioCapture
LogPluginManager: Mounting plugin AudioSynesthesia
LogPluginManager: Mounting plugin CableComponent
LogPluginManager: Mounting plugin ChunkDownloader
LogPluginManager: Mounting plugin CustomMeshComponent
LogPluginManager: Mounting plugin EditableMesh
LogPluginManager: Mounting plugin DataRegistry
LogPluginManager: Mounting plugin ExampleDeviceProfileSelector
LogPluginManager: Mounting plugin GameplayAbilities
LogPluginManager: Mounting plugin GooglePAD
LogPluginManager: Mounting plugin GoogleCloudMessaging
LogPluginManager: Mounting plugin ScreenshotTools
LogPluginManager: Mounting plugin ActorSequence
LogPluginManager: Mounting plugin LevelSequenceEditor
LogPluginManager: Mounting plugin MatineeToLevelSequence
LogPluginManager: Mounting plugin TemplateSequence
LogPluginManager: Mounting plugin IOSDeviceProfileSelector
LogPluginManager: Mounting plugin LinuxDeviceProfileSelector
LogPluginManager: Mounting plugin LocationServicesBPLibrary
LogPluginManager: Mounting plugin MobilePatchingUtils
LogPluginManager: Mounting plugin Takes
LogPluginManager: Mounting plugin OpenXR
LogPluginManager: Mounting plugin OpenXREyeTracker
LogPluginManager: Mounting plugin OpenXRHandTracking
LogPluginManager: Mounting plugin PhysXVehicles
LogPluginManager: Mounting plugin PostSplashScreen
LogPluginManager: Mounting plugin ProceduralMeshComponent
LogPluginManager: Mounting plugin PropertyAccessEditor
LogPluginManager: Mounting plugin SignificanceManager
LogPluginManager: Mounting plugin RuntimePhysXCooking
LogPluginManager: Mounting plugin SoundFields
LogPluginManager: Mounting plugin Synthesis
LogPluginManager: Mounting plugin WebMMoviePlayer
LogPluginManager: Mounting plugin WindowsMoviePlayer
LogPluginManager: Mounting plugin ContentBrowserAssetDataSource
LogPluginManager: Mounting plugin ContentBrowserFileDataSource
LogPluginManager: Mounting plugin ContentBrowserClassDataSource
LogPluginManager: Mounting plugin OnlineSubsystemGooglePlay
LogPluginManager: Mounting plugin OnlineSubsystemIOS
LogPluginManager: Mounting plugin OculusVR
LogPluginManager: Mounting plugin SteamVR
PixWinPlugin: PIX capture plugin failed to initialize! Check that the process is launched from PIX.
LogInit: Using libcurl 7.55.1-DEV
LogInit:  - built for x86_64-pc-win32
LogInit:  - supports SSL with OpenSSL/1.1.1
LogInit:  - supports HTTP deflate (compression) using libz 1.2.8
LogInit:  - other features:
LogInit:      CURL_VERSION_SSL
LogInit:      CURL_VERSION_LIBZ
LogInit:      CURL_VERSION_IPV6
LogInit:      CURL_VERSION_ASYNCHDNS
LogInit:      CURL_VERSION_LARGEFILE
LogInit:      CURL_VERSION_IDN
LogInit:  CurlRequestOptions (configurable via config and command line):
LogInit:  - bVerifyPeer = true  - Libcurl will verify peer certificate
LogInit:  - bUseHttpProxy = false  - Libcurl will NOT use HTTP proxy
LogInit:  - bDontReuseConnections = false  - Libcurl will reuse connections
LogInit:  - MaxHostConnections = 16  - Libcurl will limit the number of connections to a host
LogInit:  - LocalHostAddr = Default
LogInit:  - BufferSize = 65536
LogOnline: OSS: Creating online subsystem instance for: NULL
LogInit: WinSock: version 1.1 (2.2), MaxSocks=32767, MaxUdp=65467
LogOnline: OSS: TryLoadSubsystemAndSetDefault: Loaded subsystem for module [NULL]
LogInit: Build: ++UE4+Release-4.27-CL-18319896
LogInit: Engine Version: 4.27.2-18319896+++UE4+Release-4.27
LogInit: Compatible Engine Version: 4.27.0-17155196+++UE4+Release-4.27
LogInit: Net CL: 17155196
LogInit: OS: Windows 10 (Release 2009) (), CPU: AMD Ryzen 5 5600H with Radeon Graphics         , GPU: AMD Radeon(TM) Graphics
LogInit: Compiled (64-bit): Nov 30 2021 07:12:08
LogInit: Compiled with Visual C++: 19.24.28315.00
LogInit: Build Configuration: Development
LogInit: Branch Name: ++UE4+Release-4.27
LogInit: Command Line:  C:\Users\derwl\Documents\GasRpg\GasRPG\GasRPG.uproject -run=VisualStudioTools -unattended -noshadercompile -nosound -nullrhi -nocpuprofilertrace -nocrashreports -nosplash -ddc=noshared -output=C:\Users\derwl\AppData\Local\Temp\tmp4344.tmp
LogInit: Base Directory: C:/Unreal/UE_4.27/Engine/Binaries/Win64/
LogInit: Allocator: TBB
LogInit: Installed Engine Build: 1
LogDevObjectVersion: Number of dev versions registered: 29
LogDevObjectVersion:   Dev-Blueprints (B0D832E4-1F89-4F0D-ACCF-7EB736FD4AA2): 10
LogDevObjectVersion:   Dev-Build (E1C64328-A22C-4D53-A36C-8E866417BD8C): 0
LogDevObjectVersion:   Dev-Core (375EC13C-06E4-48FB-B500-84F0262A717E): 4
LogDevObjectVersion:   Dev-Editor (E4B068ED-F494-42E9-A231-DA0B2E46BB41): 40
LogDevObjectVersion:   Dev-Framework (CFFC743F-43B0-4480-9391-14DF171D2073): 37
LogDevObjectVersion:   Dev-Mobile (B02B49B5-BB20-44E9-A304-32B752E40360): 3
LogDevObjectVersion:   Dev-Networking (A4E4105C-59A1-49B5-A7C5-40C4547EDFEE): 0
LogDevObjectVersion:   Dev-Online (39C831C9-5AE6-47DC-9A44-9C173E1C8E7C): 0
LogDevObjectVersion:   Dev-Physics (78F01B33-EBEA-4F98-B9B4-84EACCB95AA2): 14
LogDevObjectVersion:   Dev-Platform (6631380F-2D4D-43E0-8009-CF276956A95A): 0
LogDevObjectVersion:   Dev-Rendering (12F88B9F-8875-4AFC-A67C-D90C383ABD29): 45
LogDevObjectVersion:   Dev-Sequencer (7B5AE74C-D270-4C10-A958-57980B212A5A): 13
LogDevObjectVersion:   Dev-VR (D7296918-1DD6-4BDD-9DE2-64A83CC13884): 3
LogDevObjectVersion:   Dev-LoadTimes (C2A15278-BFE7-4AFE-6C17-90FF531DF755): 1
LogDevObjectVersion:   Private-Geometry (6EACA3D4-40EC-4CC1-B786-8BED09428FC5): 3
LogDevObjectVersion:   Dev-AnimPhys (29E575DD-E0A3-4627-9D10-D276232CDCEA): 17
LogDevObjectVersion:   Dev-Anim (AF43A65D-7FD3-4947-9873-3E8ED9C1BB05): 15
LogDevObjectVersion:   Dev-ReflectionCapture (6B266CEC-1EC7-4B8F-A30B-E4D90942FC07): 1
LogDevObjectVersion:   Dev-Automation (0DF73D61-A23F-47EA-B727-89E90C41499A): 1
LogDevObjectVersion:   FortniteMain (601D1886-AC64-4F84-AA16-D3DE0DEAC7D6): 47
LogDevObjectVersion:   FortniteRelease (E7086368-6B23-4C58-8439-1B7016265E91): 1
LogDevObjectVersion:   Dev-Enterprise (9DFFBCD6-494F-0158-E221-12823C92A888): 10
LogDevObjectVersion:   Dev-Niagara (F2AED0AC-9AFE-416F-8664-AA7FFA26D6FC): 1
LogDevObjectVersion:   Dev-Destruction (174F1F0B-B4C6-45A5-B13F-2EE8D0FB917D): 10
LogDevObjectVersion:   Dev-Physics-Ext (35F94A83-E258-406C-A318-09F59610247C): 41
LogDevObjectVersion:   Dev-PhysicsMaterial-Chaos (B68FC16E-8B1B-42E2-B453-215C058844FE): 1
LogDevObjectVersion:   Dev-CineCamera (B2E18506-4273-CFC2-A54E-F4BB758BBA07): 1
LogDevObjectVersion:   Dev-VirtualProduction (64F58936-FD1B-42BA-BA96-7289D5D0FA4E): 1
LogDevObjectVersion:   Dev-MediaFramework (6F0ED827-A609-4895-9C91-998D90180EA4): 2
LogInit: Presizing for max 25165824 objects, including 0 objects not considered by GC, pre-allocating 0 bytes for permanent pool.
LogConfig: Applying CVar settings from Section [/Script/Engine.StreamingSettings] File [C:/Users/derwl/Documents/GasRpg/GasRPG/Saved/Config/Windows/Engine.ini]
LogConfig: Setting CVar [[s.MinBulkDataSizeForAsyncLoading:131072]]
LogConfig: Setting CVar [[s.AsyncLoadingThreadEnabled:0]]
LogConfig: Setting CVar [[s.EventDrivenLoaderEnabled:1]]
LogConfig: Setting CVar [[s.WarnIfTimeLimitExceeded:0]]
LogConfig: Setting CVar [[s.TimeLimitExceededMultiplier:1.5]]
LogConfig: Setting CVar [[s.TimeLimitExceededMinTime:0.005]]
LogConfig: Setting CVar [[s.UseBackgroundLevelStreaming:1]]
LogConfig: Setting CVar [[s.PriorityAsyncLoadingExtraTime:15.0]]
LogConfig: Setting CVar [[s.LevelStreamingActorsUpdateTimeLimit:5.0]]
LogConfig: Setting CVar [[s.PriorityLevelStreamingActorsUpdateExtraTime:5.0]]
LogConfig: Setting CVar [[s.LevelStreamingComponentsRegistrationGranularity:10]]
LogConfig: Setting CVar [[s.UnregisterComponentsTimeLimit:1.0]]
LogConfig: Setting CVar [[s.LevelStreamingComponentsUnregistrationGranularity:5]]
LogConfig: Setting CVar [[s.FlushStreamingOnExit:1]]
LogInit: Object subsystem initialized
LogConfig: Setting CVar [[con.DebugEarlyDefault:1]]
LogConfig: Setting CVar [[r.setres:1280x720]]
[2023.10.16-14.32.27:590][  0]LogConfig: Setting CVar [[con.DebugEarlyDefault:1]]
[2023.10.16-14.32.27:590][  0]LogConfig: Setting CVar [[r.setres:1280x720]]
[2023.10.16-14.32.27:590][  0]LogConfig: Applying CVar settings from Section [/Script/Engine.RendererSettings] File [C:/Users/derwl/Documents/GasRpg/GasRPG/Saved/Config/Windows/Engine.ini]
[2023.10.16-14.32.27:590][  0]LogConfig: Setting CVar [[r.GPUCrashDebugging:0]]
[2023.10.16-14.32.27:590][  0]LogConfig: Applying CVar settings from Section [/Script/Engine.RendererOverrideSettings] File [C:/Users/derwl/Documents/GasRpg/GasRPG/Saved/Config/Windows/Engine.ini]
[2023.10.16-14.32.27:590][  0]LogConfig: Applying CVar settings from Section [/Script/Engine.StreamingSettings] File [C:/Users/derwl/Documents/GasRpg/GasRPG/Saved/Config/Windows/Engine.ini]
[2023.10.16-14.32.27:590][  0]LogConfig: Setting CVar [[s.MinBulkDataSizeForAsyncLoading:131072]]
[2023.10.16-14.32.27:590][  0]LogConfig: Setting CVar [[s.AsyncLoadingThreadEnabled:0]]
[2023.10.16-14.32.27:590][  0]LogConfig: Setting CVar [[s.EventDrivenLoaderEnabled:1]]
[2023.10.16-14.32.27:590][  0]LogConfig: Setting CVar [[s.WarnIfTimeLimitExceeded:0]]
[2023.10.16-14.32.27:590][  0]LogConfig: Setting CVar [[s.TimeLimitExceededMultiplier:1.5]]
[2023.10.16-14.32.27:590][  0]LogConfig: Setting CVar [[s.TimeLimitExceededMinTime:0.005]]
[2023.10.16-14.32.27:590][  0]LogConfig: Setting CVar [[s.UseBackgroundLevelStreaming:1]]
[2023.10.16-14.32.27:590][  0]LogConfig: Setting CVar [[s.PriorityAsyncLoadingExtraTime:15.0]]
[2023.10.16-14.32.27:590][  0]LogConfig: Setting CVar [[s.LevelStreamingActorsUpdateTimeLimit:5.0]]
[2023.10.16-14.32.27:590][  0]LogConfig: Setting CVar [[s.PriorityLevelStreamingActorsUpdateExtraTime:5.0]]
[2023.10.16-14.32.27:590][  0]LogConfig: Setting CVar [[s.LevelStreamingComponentsRegistrationGranularity:10]]
[2023.10.16-14.32.27:590][  0]LogConfig: Setting CVar [[s.UnregisterComponentsTimeLimit:1.0]]
[2023.10.16-14.32.27:590][  0]LogConfig: Setting CVar [[s.LevelStreamingComponentsUnregistrationGranularity:5]]
[2023.10.16-14.32.27:590][  0]LogConfig: Setting CVar [[s.FlushStreamingOnExit:1]]
[2023.10.16-14.32.27:590][  0]LogConfig: Applying CVar settings from Section [/Script/Engine.GarbageCollectionSettings] File [C:/Users/derwl/Documents/GasRpg/GasRPG/Saved/Config/Windows/Engine.ini]
[2023.10.16-14.32.27:590][  0]LogConfig: Setting CVar [[gc.MaxObjectsNotConsideredByGC:1]]
[2023.10.16-14.32.27:590][  0]LogConfig: Setting CVar [[gc.SizeOfPermanentObjectPool:0]]
[2023.10.16-14.32.27:590][  0]LogConfig: Setting CVar [[gc.FlushStreamingOnGC:0]]
[2023.10.16-14.32.27:590][  0]LogConfig: Setting CVar [[gc.NumRetriesBeforeForcingGC:10]]
[2023.10.16-14.32.27:590][  0]LogConfig: Setting CVar [[gc.AllowParallelGC:1]]
[2023.10.16-14.32.27:590][  0]LogConfig: Setting CVar [[gc.TimeBetweenPurgingPendingKillObjects:61.1]]
[2023.10.16-14.32.27:590][  0]LogConfig: Setting CVar [[gc.MaxObjectsInEditor:25165824]]
[2023.10.16-14.32.27:590][  0]LogConfig: Setting CVar [[gc.IncrementalBeginDestroyEnabled:1]]
[2023.10.16-14.32.27:590][  0]LogConfig: Setting CVar [[gc.CreateGCClusters:1]]
[2023.10.16-14.32.27:590][  0]LogConfig: Setting CVar [[gc.MinGCClusterSize:5]]
[2023.10.16-14.32.27:590][  0]LogConfig: Setting CVar [[gc.ActorClusteringEnabled:0]]
[2023.10.16-14.32.27:590][  0]LogConfig: Setting CVar [[gc.BlueprintClusteringEnabled:0]]
[2023.10.16-14.32.27:590][  0]LogConfig: Setting CVar [[gc.UseDisregardForGCOnDedicatedServers:0]]
[2023.10.16-14.32.27:590][  0]LogConfig: Setting CVar [[gc.MultithreadedDestructionEnabled:1]]
[2023.10.16-14.32.27:590][  0]LogConfig: Applying CVar settings from Section [/Script/Engine.NetworkSettings] File [C:/Users/derwl/Documents/GasRpg/GasRPG/Saved/Config/Windows/Engine.ini]
[2023.10.16-14.32.27:590][  0]LogConfig: Applying CVar settings from Section [/Script/UnrealEd.CookerSettings] File [C:/Users/derwl/Documents/GasRpg/GasRPG/Saved/Config/Windows/Engine.ini]
[2023.10.16-14.32.27:591][  0]LogConfig: Applying CVar settings from Section [ViewDistanceQuality@3] File [C:/Users/derwl/Documents/GasRpg/GasRPG/Saved/Config/Windows/Scalability.ini]
[2023.10.16-14.32.27:591][  0]LogConfig: Setting CVar [[r.SkeletalMeshLODBias:0]]
[2023.10.16-14.32.27:591][  0]LogConfig: Setting CVar [[r.ViewDistanceScale:1.0]]
[2023.10.16-14.32.27:591][  0]LogConfig: Applying CVar settings from Section [AntiAliasingQuality@3] File [C:/Users/derwl/Documents/GasRpg/GasRPG/Saved/Config/Windows/Scalability.ini]
[2023.10.16-14.32.27:591][  0]LogConfig: Setting CVar [[r.PostProcessAAQuality:4]]
[2023.10.16-14.32.27:591][  0]LogConfig: Applying CVar settings from Section [ShadowQuality@3] File [C:/Users/derwl/Documents/GasRpg/GasRPG/Saved/Config/Windows/Scalability.ini]
[2023.10.16-14.32.27:591][  0]LogConfig: Setting CVar [[r.LightFunctionQuality:1]]
[2023.10.16-14.32.27:591][  0]LogConfig: Setting CVar [[r.ShadowQuality:5]]
[2023.10.16-14.32.27:591][  0]LogConfig: Setting CVar [[r.Shadow.CSM.MaxCascades:10]]
[2023.10.16-14.32.27:591][  0]LogConfig: Setting CVar [[r.Shadow.MaxResolution:2048]]
[2023.10.16-14.32.27:591][  0]LogConfig: Setting CVar [[r.Shadow.MaxCSMResolution:2048]]
[2023.10.16-14.32.27:591][  0]LogConfig: Setting CVar [[r.Shadow.RadiusThreshold:0.01]]
[2023.10.16-14.32.27:591][  0]LogConfig: Setting CVar [[r.Shadow.DistanceScale:1.0]]
[2023.10.16-14.32.27:591][  0]LogConfig: Setting CVar [[r.Shadow.CSM.TransitionScale:1.0]]
[2023.10.16-14.32.27:591][  0]LogConfig: Setting CVar [[r.Shadow.PreShadowResolutionFactor:1.0]]
[2023.10.16-14.32.27:591][  0]LogConfig: Setting CVar [[r.DistanceFieldShadowing:1]]
[2023.10.16-14.32.27:591][  0]LogConfig: Setting CVar [[r.DistanceFieldAO:1]]
[2023.10.16-14.32.27:591][  0]LogConfig: Setting CVar [[r.AOQuality:2]]
[2023.10.16-14.32.27:591][  0]LogConfig: Setting CVar [[r.VolumetricFog:1]]
[2023.10.16-14.32.27:591][  0]LogConfig: Setting CVar [[r.VolumetricFog.GridPixelSize:8]]
[2023.10.16-14.32.27:591][  0]LogConfig: Setting CVar [[r.VolumetricFog.GridSizeZ:128]]
[2023.10.16-14.32.27:591][  0]LogConfig: Setting CVar [[r.VolumetricFog.HistoryMissSupersampleCount:4]]
[2023.10.16-14.32.27:591][  0]LogConfig: Setting CVar [[r.LightMaxDrawDistanceScale:1]]
[2023.10.16-14.32.27:591][  0]LogConfig: Setting CVar [[r.CapsuleShadows:1]]
[2023.10.16-14.32.27:591][  0]LogConfig: Applying CVar settings from Section [PostProcessQuality@3] File [C:/Users/derwl/Documents/GasRpg/GasRPG/Saved/Config/Windows/Scalability.ini]
[2023.10.16-14.32.27:591][  0]LogConfig: Setting CVar [[r.MotionBlurQuality:4]]
[2023.10.16-14.32.27:591][  0]LogConfig: Setting CVar [[r.AmbientOcclusionMipLevelFactor:0.4]]
[2023.10.16-14.32.27:591][  0]LogConfig: Setting CVar [[r.AmbientOcclusionMaxQuality:100]]
[2023.10.16-14.32.27:591][  0]LogConfig: Setting CVar [[r.AmbientOcclusionLevels:-1]]
[2023.10.16-14.32.27:591][  0]LogConfig: Setting CVar [[r.AmbientOcclusionRadiusScale:1.0]]
[2023.10.16-14.32.27:591][  0]LogConfig: Setting CVar [[r.DepthOfFieldQuality:2]]
[2023.10.16-14.32.27:591][  0]LogConfig: Setting CVar [[r.RenderTargetPoolMin:400]]
[2023.10.16-14.32.27:591][  0]LogConfig: Setting CVar [[r.LensFlareQuality:2]]
[2023.10.16-14.32.27:591][  0]LogConfig: Setting CVar [[r.SceneColorFringeQuality:1]]
[2023.10.16-14.32.27:591][  0]LogConfig: Setting CVar [[r.EyeAdaptationQuality:2]]
[2023.10.16-14.32.27:591][  0]LogConfig: Setting CVar [[r.BloomQuality:5]]
[2023.10.16-14.32.27:591][  0]LogConfig: Setting CVar [[r.FastBlurThreshold:100]]
[2023.10.16-14.32.27:591][  0]LogConfig: Setting CVar [[r.Upscale.Quality:3]]
[2023.10.16-14.32.27:591][  0]LogConfig: Setting CVar [[r.Tonemapper.GrainQuantization:1]]
[2023.10.16-14.32.27:591][  0]LogConfig: Setting CVar [[r.LightShaftQuality:1]]
[2023.10.16-14.32.27:591][  0]LogConfig: Setting CVar [[r.Filter.SizeScale:1]]
[2023.10.16-14.32.27:591][  0]LogConfig: Setting CVar [[r.Tonemapper.Quality:5]]
[2023.10.16-14.32.27:591][  0]LogConfig: Setting CVar [[r.DOF.Gather.AccumulatorQuality:1        ; higher gathering accumulator quality]]
[2023.10.16-14.32.27:591][  0]LogConfig: Setting CVar [[r.DOF.Gather.PostfilterMethod:1          ; Median3x3 postfilering method]]
[2023.10.16-14.32.27:591][  0]LogConfig: Setting CVar [[r.DOF.Gather.EnableBokehSettings:0       ; no bokeh simulation when gathering]]
[2023.10.16-14.32.27:591][  0]LogConfig: Setting CVar [[r.DOF.Gather.RingCount:4                 ; medium number of samples when gathering]]
[2023.10.16-14.32.27:591][  0]LogConfig: Setting CVar [[r.DOF.Scatter.ForegroundCompositing:1    ; additive foreground scattering]]
[2023.10.16-14.32.27:591][  0]LogConfig: Setting CVar [[r.DOF.Scatter.BackgroundCompositing:2    ; additive background scattering]]
[2023.10.16-14.32.27:591][  0]LogConfig: Setting CVar [[r.DOF.Scatter.EnableBokehSettings:1      ; bokeh simulation when scattering]]
[2023.10.16-14.32.27:591][  0]LogConfig: Setting CVar [[r.DOF.Scatter.MaxSpriteRatio:0.1         ; only a maximum of 10% of scattered bokeh]]
[2023.10.16-14.32.27:591][  0]LogConfig: Setting CVar [[r.DOF.Recombine.Quality:1                ; cheap slight out of focus]]
[2023.10.16-14.32.27:591][  0]LogConfig: Setting CVar [[r.DOF.Recombine.EnableBokehSettings:0    ; no bokeh simulation on slight out of focus]]
[2023.10.16-14.32.27:591][  0]LogConfig: Setting CVar [[r.DOF.TemporalAAQuality:1                ; more stable temporal accumulation]]
[2023.10.16-14.32.27:591][  0]LogConfig: Setting CVar [[r.DOF.Kernel.MaxForegroundRadius:0.025]]
[2023.10.16-14.32.27:591][  0]LogConfig: Setting CVar [[r.DOF.Kernel.MaxBackgroundRadius:0.025]]
[2023.10.16-14.32.27:591][  0]LogConfig: Applying CVar settings from Section [TextureQuality@3] File [C:/Users/derwl/Documents/GasRpg/GasRPG/Saved/Config/Windows/Scalability.ini]
[2023.10.16-14.32.27:591][  0]LogConfig: Setting CVar [[r.Streaming.MipBias:0]]
[2023.10.16-14.32.27:591][  0]LogConfig: Setting CVar [[r.Streaming.AmortizeCPUToGPUCopy:0]]
[2023.10.16-14.32.27:591][  0]LogConfig: Setting CVar [[r.Streaming.MaxNumTexturesToStreamPerFrame:0]]
[2023.10.16-14.32.27:591][  0]LogConfig: Setting CVar [[r.Streaming.Boost:1]]
[2023.10.16-14.32.27:591][  0]LogConfig: Setting CVar [[r.MaxAnisotropy:8]]
[2023.10.16-14.32.27:591][  0]LogConfig: Setting CVar [[r.VT.MaxAnisotropy:8]]
[2023.10.16-14.32.27:591][  0]LogConfig: Setting CVar [[r.Streaming.LimitPoolSizeToVRAM:0]]
[2023.10.16-14.32.27:591][  0]LogConfig: Setting CVar [[r.Streaming.PoolSize:1000]]
[2023.10.16-14.32.27:591][  0]LogConfig: Setting CVar [[r.Streaming.MaxEffectiveScreenSize:0]]
[2023.10.16-14.32.27:591][  0]LogConfig: Applying CVar settings from Section [EffectsQuality@3] File [C:/Users/derwl/Documents/GasRpg/GasRPG/Saved/Config/Windows/Scalability.ini]
[2023.10.16-14.32.27:591][  0]LogConfig: Setting CVar [[r.TranslucencyLightingVolumeDim:64]]
[2023.10.16-14.32.27:591][  0]LogConfig: Setting CVar [[r.RefractionQuality:2]]
[2023.10.16-14.32.27:591][  0]LogConfig: Setting CVar [[r.SSR.Quality:3]]
[2023.10.16-14.32.27:591][  0]LogConfig: Setting CVar [[r.SSR.HalfResSceneColor:0]]
[2023.10.16-14.32.27:591][  0]LogConfig: Setting CVar [[r.SceneColorFormat:4]]
[2023.10.16-14.32.27:591][  0]LogConfig: Setting CVar [[r.DetailMode:2]]
[2023.10.16-14.32.27:591][  0]LogConfig: Setting CVar [[r.TranslucencyVolumeBlur:1]]
[2023.10.16-14.32.27:591][  0]LogConfig: Setting CVar [[r.MaterialQualityLevel:1 ; High quality]]
[2023.10.16-14.32.27:591][  0]LogConfig: Setting CVar [[r.AnisotropicMaterials:1]]
[2023.10.16-14.32.27:591][  0]LogConfig: Setting CVar [[r.SSS.Scale:1]]
[2023.10.16-14.32.27:591][  0]LogConfig: Setting CVar [[r.SSS.SampleSet:2]]
[2023.10.16-14.32.27:591][  0]LogConfig: Setting CVar [[r.SSS.Quality:1]]
[2023.10.16-14.32.27:591][  0]LogConfig: Setting CVar [[r.SSS.HalfRes:0]]
[2023.10.16-14.32.27:591][  0]LogConfig: Setting CVar [[r.SSGI.Quality:3]]
[2023.10.16-14.32.27:591][  0]LogConfig: Setting CVar [[r.EmitterSpawnRateScale:1.0]]
[2023.10.16-14.32.27:591][  0]LogConfig: Setting CVar [[r.ParticleLightQuality:2]]
[2023.10.16-14.32.27:591][  0]LogConfig: Setting CVar [[r.SkyAtmosphere.AerialPerspectiveLUT.FastApplyOnOpaque:1 ; Always have FastSkyLUT 1 in this case to avoid wrong sky]]
[2023.10.16-14.32.27:591][  0]LogConfig: Setting CVar [[r.SkyAtmosphere.AerialPerspectiveLUT.SampleCountMaxPerSlice:4]]
[2023.10.16-14.32.27:591][  0]LogConfig: Setting CVar [[r.SkyAtmosphere.AerialPerspectiveLUT.DepthResolution:16.0]]
[2023.10.16-14.32.27:591][  0]LogConfig: Setting CVar [[r.SkyAtmosphere.FastSkyLUT:1]]
[2023.10.16-14.32.27:591][  0]LogConfig: Setting CVar [[r.SkyAtmosphere.FastSkyLUT.SampleCountMin:4.0]]
[2023.10.16-14.32.27:591][  0]LogConfig: Setting CVar [[r.SkyAtmosphere.FastSkyLUT.SampleCountMax:128.0]]
[2023.10.16-14.32.27:591][  0]LogConfig: Setting CVar [[r.SkyAtmosphere.SampleCountMin:4.0]]
[2023.10.16-14.32.27:591][  0]LogConfig: Setting CVar [[r.SkyAtmosphere.SampleCountMax:128.0]]
[2023.10.16-14.32.27:591][  0]LogConfig: Setting CVar [[r.SkyAtmosphere.TransmittanceLUT.UseSmallFormat:0]]
[2023.10.16-14.32.27:591][  0]LogConfig: Setting CVar [[r.SkyAtmosphere.TransmittanceLUT.SampleCount:10.0]]
[2023.10.16-14.32.27:591][  0]LogConfig: Setting CVar [[r.SkyAtmosphere.MultiScatteringLUT.SampleCount:15.0]]
[2023.10.16-14.32.27:591][  0]LogConfig: Setting CVar [[r.SkyLight.RealTimeReflectionCapture:1]]
[2023.10.16-14.32.27:591][  0]LogConfig: Applying CVar settings from Section [FoliageQuality@3] File [C:/Users/derwl/Documents/GasRpg/GasRPG/Saved/Config/Windows/Scalability.ini]
[2023.10.16-14.32.27:591][  0]LogConfig: Setting CVar [[foliage.DensityScale:1.0]]
[2023.10.16-14.32.27:591][  0]LogConfig: Setting CVar [[grass.DensityScale:1.0]]
[2023.10.16-14.32.27:591][  0]LogConfig: Applying CVar settings from Section [ShadingQuality@3] File [C:/Users/derwl/Documents/GasRpg/GasRPG/Saved/Config/Windows/Scalability.ini]
[2023.10.16-14.32.27:591][  0]LogConfig: Setting CVar [[r.HairStrands.SkyLighting.IntegrationType:2]]
[2023.10.16-14.32.27:591][  0]LogConfig: Setting CVar [[r.HairStrands.SkyAO.SampleCount:4]]
[2023.10.16-14.32.27:591][  0]LogConfig: Setting CVar [[r.HairStrands.Visibility.MSAA.SamplePerPixel:4]]
[2023.10.16-14.32.27:594][  0]LogInit: Selected Device Profile: [Windows]
[2023.10.16-14.32.27:594][  0]LogInit: Applying CVar settings loaded from the selected device profile: [Windows]
[2023.10.16-14.32.27:595][  0]LogHAL: Display: Platform has ~ 16 GB [16487870464 / 17179869184 / 16], which maps to Larger [LargestMinGB=32, LargerMinGB=12, DefaultMinGB=8, SmallerMinGB=6, SmallestMinGB=0)
[2023.10.16-14.32.27:595][  0]LogInit: Going up to parent DeviceProfile []
[2023.10.16-14.32.27:595][  0]LogConfig: Applying CVar settings from Section [ViewDistanceQuality@3] File [C:/Users/derwl/Documents/GasRpg/GasRPG/Saved/Config/Windows/Scalability.ini]
[2023.10.16-14.32.27:595][  0]LogConfig: Setting CVar [[r.SkeletalMeshLODBias:0]]
[2023.10.16-14.32.27:595][  0]LogConfig: Setting CVar [[r.ViewDistanceScale:1.0]]
[2023.10.16-14.32.27:595][  0]LogConfig: Applying CVar settings from Section [AntiAliasingQuality@3] File [C:/Users/derwl/Documents/GasRpg/GasRPG/Saved/Config/Windows/Scalability.ini]
[2023.10.16-14.32.27:595][  0]LogConfig: Setting CVar [[r.PostProcessAAQuality:4]]
[2023.10.16-14.32.27:595][  0]LogConfig: Applying CVar settings from Section [ShadowQuality@3] File [C:/Users/derwl/Documents/GasRpg/GasRPG/Saved/Config/Windows/Scalability.ini]
[2023.10.16-14.32.27:595][  0]LogConfig: Setting CVar [[r.LightFunctionQuality:1]]
[2023.10.16-14.32.27:595][  0]LogConfig: Setting CVar [[r.ShadowQuality:5]]
[2023.10.16-14.32.27:595][  0]LogConfig: Setting CVar [[r.Shadow.CSM.MaxCascades:10]]
[2023.10.16-14.32.27:595][  0]LogConfig: Setting CVar [[r.Shadow.MaxResolution:2048]]
[2023.10.16-14.32.27:595][  0]LogConfig: Setting CVar [[r.Shadow.MaxCSMResolution:2048]]
[2023.10.16-14.32.27:595][  0]LogConfig: Setting CVar [[r.Shadow.RadiusThreshold:0.01]]
[2023.10.16-14.32.27:595][  0]LogConfig: Setting CVar [[r.Shadow.DistanceScale:1.0]]
[2023.10.16-14.32.27:595][  0]LogConfig: Setting CVar [[r.Shadow.CSM.TransitionScale:1.0]]
[2023.10.16-14.32.27:595][  0]LogConfig: Setting CVar [[r.Shadow.PreShadowResolutionFactor:1.0]]
[2023.10.16-14.32.27:595][  0]LogConfig: Setting CVar [[r.DistanceFieldShadowing:1]]
[2023.10.16-14.32.27:595][  0]LogConfig: Setting CVar [[r.DistanceFieldAO:1]]
[2023.10.16-14.32.27:595][  0]LogConfig: Setting CVar [[r.AOQuality:2]]
[2023.10.16-14.32.27:595][  0]LogConfig: Setting CVar [[r.VolumetricFog:1]]
[2023.10.16-14.32.27:595][  0]LogConfig: Setting CVar [[r.VolumetricFog.GridPixelSize:8]]
[2023.10.16-14.32.27:595][  0]LogConfig: Setting CVar [[r.VolumetricFog.GridSizeZ:128]]
[2023.10.16-14.32.27:595][  0]LogConfig: Setting CVar [[r.VolumetricFog.HistoryMissSupersampleCount:4]]
[2023.10.16-14.32.27:595][  0]LogConfig: Setting CVar [[r.LightMaxDrawDistanceScale:1]]
[2023.10.16-14.32.27:595][  0]LogConfig: Setting CVar [[r.CapsuleShadows:1]]
[2023.10.16-14.32.27:595][  0]LogConfig: Applying CVar settings from Section [PostProcessQuality@3] File [C:/Users/derwl/Documents/GasRpg/GasRPG/Saved/Config/Windows/Scalability.ini]
[2023.10.16-14.32.27:595][  0]LogConfig: Setting CVar [[r.MotionBlurQuality:4]]
[2023.10.16-14.32.27:595][  0]LogConfig: Setting CVar [[r.AmbientOcclusionMipLevelFactor:0.4]]
[2023.10.16-14.32.27:595][  0]LogConfig: Setting CVar [[r.AmbientOcclusionMaxQuality:100]]
[2023.10.16-14.32.27:595][  0]LogConfig: Setting CVar [[r.AmbientOcclusionLevels:-1]]
[2023.10.16-14.32.27:595][  0]LogConfig: Setting CVar [[r.AmbientOcclusionRadiusScale:1.0]]
[2023.10.16-14.32.27:595][  0]LogConfig: Setting CVar [[r.DepthOfFieldQuality:2]]
[2023.10.16-14.32.27:595][  0]LogConfig: Setting CVar [[r.RenderTargetPoolMin:400]]
[2023.10.16-14.32.27:595][  0]LogConfig: Setting CVar [[r.LensFlareQuality:2]]
[2023.10.16-14.32.27:595][  0]LogConfig: Setting CVar [[r.SceneColorFringeQuality:1]]
[2023.10.16-14.32.27:595][  0]LogConfig: Setting CVar [[r.EyeAdaptationQuality:2]]
[2023.10.16-14.32.27:595][  0]LogConfig: Setting CVar [[r.BloomQuality:5]]
[2023.10.16-14.32.27:595][  0]LogConfig: Setting CVar [[r.FastBlurThreshold:100]]
[2023.10.16-14.32.27:595][  0]LogConfig: Setting CVar [[r.Upscale.Quality:3]]
[2023.10.16-14.32.27:595][  0]LogConfig: Setting CVar [[r.Tonemapper.GrainQuantization:1]]
[2023.10.16-14.32.27:595][  0]LogConfig: Setting CVar [[r.LightShaftQuality:1]]
[2023.10.16-14.32.27:595][  0]LogConfig: Setting CVar [[r.Filter.SizeScale:1]]
[2023.10.16-14.32.27:595][  0]LogConfig: Setting CVar [[r.Tonemapper.Quality:5]]
[2023.10.16-14.32.27:595][  0]LogConfig: Setting CVar [[r.DOF.Gather.AccumulatorQuality:1        ; higher gathering accumulator quality]]
[2023.10.16-14.32.27:595][  0]LogConfig: Setting CVar [[r.DOF.Gather.PostfilterMethod:1          ; Median3x3 postfilering method]]
[2023.10.16-14.32.27:595][  0]LogConfig: Setting CVar [[r.DOF.Gather.EnableBokehSettings:0       ; no bokeh simulation when gathering]]
[2023.10.16-14.32.27:595][  0]LogConfig: Setting CVar [[r.DOF.Gather.RingCount:4                 ; medium number of samples when gathering]]
[2023.10.16-14.32.27:595][  0]LogConfig: Setting CVar [[r.DOF.Scatter.ForegroundCompositing:1    ; additive foreground scattering]]
[2023.10.16-14.32.27:595][  0]LogConfig: Setting CVar [[r.DOF.Scatter.BackgroundCompositing:2    ; additive background scattering]]
[2023.10.16-14.32.27:595][  0]LogConfig: Setting CVar [[r.DOF.Scatter.EnableBokehSettings:1      ; bokeh simulation when scattering]]
[2023.10.16-14.32.27:595][  0]LogConfig: Setting CVar [[r.DOF.Scatter.MaxSpriteRatio:0.1         ; only a maximum of 10% of scattered bokeh]]
[2023.10.16-14.32.27:595][  0]LogConfig: Setting CVar [[r.DOF.Recombine.Quality:1                ; cheap slight out of focus]]
[2023.10.16-14.32.27:595][  0]LogConfig: Setting CVar [[r.DOF.Recombine.EnableBokehSettings:0    ; no bokeh simulation on slight out of focus]]
[2023.10.16-14.32.27:595][  0]LogConfig: Setting CVar [[r.DOF.TemporalAAQuality:1                ; more stable temporal accumulation]]
[2023.10.16-14.32.27:595][  0]LogConfig: Setting CVar [[r.DOF.Kernel.MaxForegroundRadius:0.025]]
[2023.10.16-14.32.27:595][  0]LogConfig: Setting CVar [[r.DOF.Kernel.MaxBackgroundRadius:0.025]]
[2023.10.16-14.32.27:595][  0]LogConfig: Applying CVar settings from Section [TextureQuality@3] File [C:/Users/derwl/Documents/GasRpg/GasRPG/Saved/Config/Windows/Scalability.ini]
[2023.10.16-14.32.27:595][  0]LogConfig: Setting CVar [[r.Streaming.MipBias:0]]
[2023.10.16-14.32.27:595][  0]LogConfig: Setting CVar [[r.Streaming.AmortizeCPUToGPUCopy:0]]
[2023.10.16-14.32.27:595][  0]LogConfig: Setting CVar [[r.Streaming.MaxNumTexturesToStreamPerFrame:0]]
[2023.10.16-14.32.27:595][  0]LogConfig: Setting CVar [[r.Streaming.Boost:1]]
[2023.10.16-14.32.27:595][  0]LogConfig: Setting CVar [[r.MaxAnisotropy:8]]
[2023.10.16-14.32.27:595][  0]LogConfig: Setting CVar [[r.VT.MaxAnisotropy:8]]
[2023.10.16-14.32.27:595][  0]LogConfig: Setting CVar [[r.Streaming.LimitPoolSizeToVRAM:0]]
[2023.10.16-14.32.27:595][  0]LogConfig: Setting CVar [[r.Streaming.PoolSize:1000]]
[2023.10.16-14.32.27:595][  0]LogConfig: Setting CVar [[r.Streaming.MaxEffectiveScreenSize:0]]
[2023.10.16-14.32.27:595][  0]LogConfig: Applying CVar settings from Section [EffectsQuality@3] File [C:/Users/derwl/Documents/GasRpg/GasRPG/Saved/Config/Windows/Scalability.ini]
[2023.10.16-14.32.27:595][  0]LogConfig: Setting CVar [[r.TranslucencyLightingVolumeDim:64]]
[2023.10.16-14.32.27:595][  0]LogConfig: Setting CVar [[r.RefractionQuality:2]]
[2023.10.16-14.32.27:595][  0]LogConfig: Setting CVar [[r.SSR.Quality:3]]
[2023.10.16-14.32.27:595][  0]LogConfig: Setting CVar [[r.SSR.HalfResSceneColor:0]]
[2023.10.16-14.32.27:595][  0]LogConfig: Setting CVar [[r.SceneColorFormat:4]]
[2023.10.16-14.32.27:595][  0]LogConfig: Setting CVar [[r.DetailMode:2]]
[2023.10.16-14.32.27:595][  0]LogConfig: Setting CVar [[r.TranslucencyVolumeBlur:1]]
[2023.10.16-14.32.27:595][  0]LogConfig: Setting CVar [[r.MaterialQualityLevel:1 ; High quality]]
[2023.10.16-14.32.27:595][  0]LogConfig: Setting CVar [[r.AnisotropicMaterials:1]]
[2023.10.16-14.32.27:595][  0]LogConfig: Setting CVar [[r.SSS.Scale:1]]
[2023.10.16-14.32.27:595][  0]LogConfig: Setting CVar [[r.SSS.SampleSet:2]]
[2023.10.16-14.32.27:595][  0]LogConfig: Setting CVar [[r.SSS.Quality:1]]
[2023.10.16-14.32.27:595][  0]LogConfig: Setting CVar [[r.SSS.HalfRes:0]]
[2023.10.16-14.32.27:595][  0]LogConfig: Setting CVar [[r.SSGI.Quality:3]]
[2023.10.16-14.32.27:595][  0]LogConfig: Setting CVar [[r.EmitterSpawnRateScale:1.0]]
[2023.10.16-14.32.27:595][  0]LogConfig: Setting CVar [[r.ParticleLightQuality:2]]
[2023.10.16-14.32.27:595][  0]LogConfig: Setting CVar [[r.SkyAtmosphere.AerialPerspectiveLUT.FastApplyOnOpaque:1 ; Always have FastSkyLUT 1 in this case to avoid wrong sky]]
[2023.10.16-14.32.27:595][  0]LogConfig: Setting CVar [[r.SkyAtmosphere.AerialPerspectiveLUT.SampleCountMaxPerSlice:4]]
[2023.10.16-14.32.27:595][  0]LogConfig: Setting CVar [[r.SkyAtmosphere.AerialPerspectiveLUT.DepthResolution:16.0]]
[2023.10.16-14.32.27:595][  0]LogConfig: Setting CVar [[r.SkyAtmosphere.FastSkyLUT:1]]
[2023.10.16-14.32.27:595][  0]LogConfig: Setting CVar [[r.SkyAtmosphere.FastSkyLUT.SampleCountMin:4.0]]
[2023.10.16-14.32.27:595][  0]LogConfig: Setting CVar [[r.SkyAtmosphere.FastSkyLUT.SampleCountMax:128.0]]
[2023.10.16-14.32.27:595][  0]LogConfig: Setting CVar [[r.SkyAtmosphere.SampleCountMin:4.0]]
[2023.10.16-14.32.27:595][  0]LogConfig: Setting CVar [[r.SkyAtmosphere.SampleCountMax:128.0]]
[2023.10.16-14.32.27:595][  0]LogConfig: Setting CVar [[r.SkyAtmosphere.TransmittanceLUT.UseSmallFormat:0]]
[2023.10.16-14.32.27:595][  0]LogConfig: Setting CVar [[r.SkyAtmosphere.TransmittanceLUT.SampleCount:10.0]]
[2023.10.16-14.32.27:596][  0]LogConfig: Setting CVar [[r.SkyAtmosphere.MultiScatteringLUT.SampleCount:15.0]]
[2023.10.16-14.32.27:596][  0]LogConfig: Setting CVar [[r.SkyLight.RealTimeReflectionCapture:1]]
[2023.10.16-14.32.27:596][  0]LogConfig: Applying CVar settings from Section [FoliageQuality@3] File [C:/Users/derwl/Documents/GasRpg/GasRPG/Saved/Config/Windows/Scalability.ini]
[2023.10.16-14.32.27:596][  0]LogConfig: Setting CVar [[foliage.DensityScale:1.0]]
[2023.10.16-14.32.27:596][  0]LogConfig: Setting CVar [[grass.DensityScale:1.0]]
[2023.10.16-14.32.27:596][  0]LogConfig: Applying CVar settings from Section [ShadingQuality@3] File [C:/Users/derwl/Documents/GasRpg/GasRPG/Saved/Config/Windows/Scalability.ini]
[2023.10.16-14.32.27:596][  0]LogConfig: Setting CVar [[r.HairStrands.SkyLighting.IntegrationType:2]]
[2023.10.16-14.32.27:596][  0]LogConfig: Setting CVar [[r.HairStrands.SkyAO.SampleCount:4]]
[2023.10.16-14.32.27:596][  0]LogConfig: Setting CVar [[r.HairStrands.Visibility.MSAA.SamplePerPixel:4]]
[2023.10.16-14.32.27:596][  0]LogConfig: Applying CVar settings from Section [Startup] File [../../../Engine/Config/ConsoleVariables.ini]
[2023.10.16-14.32.27:596][  0]LogConfig: Setting CVar [[net.UseAdaptiveNetUpdateFrequency:0]]
[2023.10.16-14.32.27:596][  0]LogConfig: Setting CVar [[p.chaos.AllowCreatePhysxBodies:1]]
[2023.10.16-14.32.27:596][  0]LogConfig: Setting CVar [[fx.SkipVectorVMBackendOptimizations:1]]
[2023.10.16-14.32.27:596][  0]LogConfig: Applying CVar settings from Section [ConsoleVariables] File [C:/Users/derwl/Documents/GasRpg/GasRPG/Saved/Config/Windows/Engine.ini]
[2023.10.16-14.32.27:596][  0]LogConfig: Applying CVar settings from Section [ConsoleVariables] File [C:/Users/derwl/Documents/GasRpg/GasRPG/Saved/Config/Windows/Editor.ini]
[2023.10.16-14.32.27:596][  0]LogInit: Computer: DESKTOP-T0VCAE0
[2023.10.16-14.32.27:596][  0]LogInit: User: derwl
[2023.10.16-14.32.27:596][  0]LogInit: CPU Page size=4096, Cores=6
[2023.10.16-14.32.27:596][  0]LogInit: High frequency timer resolution =10.000000 MHz
[2023.10.16-14.32.27:596][  0]LogMemory: Memory total: Physical=15.4GB (16GB approx)
[2023.10.16-14.32.27:596][  0]LogMemory: Platform Memory Stats for Windows
[2023.10.16-14.32.27:596][  0]LogMemory: Process Physical Memory: 137.77 MB used, 137.78 MB peak
[2023.10.16-14.32.27:596][  0]LogMemory: Process Virtual Memory: 109.91 MB used, 109.91 MB peak
[2023.10.16-14.32.27:596][  0]LogMemory: Physical Memory: 9139.77 MB used,  6584.29 MB free, 15724.06 MB total
[2023.10.16-14.32.27:596][  0]LogMemory: Virtual Memory: 134212128.00 MB used,  5603.60 MB free, 134217728.00 MB total
[2023.10.16-14.32.27:603][  0]LogWindows: WindowsPlatformFeatures enabled
[2023.10.16-14.32.27:648][  0]LogInit: Physics initialised using underlying interface: PhysX
[2023.10.16-14.32.27:649][  0]LogInit: Using OS detected language (ru-RU).
[2023.10.16-14.32.27:649][  0]LogInit: Using OS detected locale (ru-RU).
[2023.10.16-14.32.27:655][  0]LogTextLocalizationManager: No specific localization for 'ru-RU' exists, so the 'ru' localization will be used.
[2023.10.16-14.32.27:655][  0]LogTextLocalizationResource: LocRes '../../../Engine/Content/Localization/Editor/ru/Editor.locres' could not be opened for reading!
[2023.10.16-14.32.27:655][  0]LogTextLocalizationResource: LocRes '../../../Engine/Content/Localization/EditorTutorials/ru/EditorTutorials.locres' could not be opened for reading!
[2023.10.16-14.32.27:655][  0]LogTextLocalizationResource: LocRes '../../../Engine/Content/Localization/Keywords/ru/Keywords.locres' could not be opened for reading!
[2023.10.16-14.32.27:655][  0]LogTextLocalizationResource: LocRes '../../../Engine/Content/Localization/Category/ru/Category.locres' could not be opened for reading!
[2023.10.16-14.32.27:655][  0]LogTextLocalizationResource: LocRes '../../../Engine/Content/Localization/ToolTips/ru/ToolTips.locres' could not be opened for reading!
[2023.10.16-14.32.27:655][  0]LogTextLocalizationResource: LocRes '../../../Engine/Content/Localization/PropertyNames/ru/PropertyNames.locres' could not be opened for reading!
[2023.10.16-14.32.27:655][  0]LogTextLocalizationResource: LocRes '../../../Engine/Content/Localization/Engine/ru/Engine.locres' could not be opened for reading!
[2023.10.16-14.32.27:988][  0]LogTargetPlatformManager: Display: Loaded TargetPlatform 'AllDesktop'
[2023.10.16-14.32.28:012][  0]LogTargetPlatformManager: Display: Loaded TargetPlatform 'Android'
[2023.10.16-14.32.28:012][  0]LogTargetPlatformManager: Display: Loaded TargetPlatform 'Android_ASTC'
[2023.10.16-14.32.28:012][  0]LogTargetPlatformManager: Display: Loaded TargetPlatform 'Android_DXT'
[2023.10.16-14.32.28:012][  0]LogTargetPlatformManager: Display: Loaded TargetPlatform 'Android_ETC2'
[2023.10.16-14.32.28:012][  0]LogTargetPlatformManager: Display: Loaded TargetPlatform 'AndroidClient'
[2023.10.16-14.32.28:012][  0]LogTargetPlatformManager: Display: Loaded TargetPlatform 'Android_ASTCClient'
[2023.10.16-14.32.28:012][  0]LogTargetPlatformManager: Display: Loaded TargetPlatform 'Android_DXTClient'
[2023.10.16-14.32.28:012][  0]LogTargetPlatformManager: Display: Loaded TargetPlatform 'Android_ETC2Client'
[2023.10.16-14.32.28:012][  0]LogTargetPlatformManager: Display: Loaded TargetPlatform 'Android_Multi'
[2023.10.16-14.32.28:012][  0]LogTargetPlatformManager: Display: Loaded TargetPlatform 'Android_MultiClient'
[2023.10.16-14.32.28:032][  0]LogTargetPlatformManager: Display: Loaded TargetPlatform 'IOSClient'
[2023.10.16-14.32.28:032][  0]LogTargetPlatformManager: Display: Loaded TargetPlatform 'IOS'
[2023.10.16-14.32.28:041][  0]LogTargetPlatformManager: Display: Loaded TargetPlatform 'Linux'
[2023.10.16-14.32.28:045][  0]LogTargetPlatformManager: Display: Loaded TargetPlatform 'LinuxNoEditor'
[2023.10.16-14.32.28:050][  0]LogTargetPlatformManager: Display: Loaded TargetPlatform 'LinuxClient'
[2023.10.16-14.32.28:054][  0]LogTargetPlatformManager: Display: Loaded TargetPlatform 'LinuxServer'
[2023.10.16-14.32.28:062][  0]LogTargetPlatformManager: Display: Loaded TargetPlatform 'LinuxAArch64NoEditor'
[2023.10.16-14.32.28:067][  0]LogTargetPlatformManager: Display: Loaded TargetPlatform 'LinuxAArch64Client'
[2023.10.16-14.32.28:071][  0]LogTargetPlatformManager: Display: Loaded TargetPlatform 'LinuxAArch64Server'
[2023.10.16-14.32.28:093][  0]LogTargetPlatformManager: Display: Loaded TargetPlatform 'Lumin'
[2023.10.16-14.32.28:093][  0]LogTargetPlatformManager: Display: Loaded TargetPlatform 'LuminClient'
[2023.10.16-14.32.28:100][  0]LogTargetPlatformManager: Display: Loaded TargetPlatform 'MacNoEditor'
[2023.10.16-14.32.28:104][  0]LogTargetPlatformManager: Display: Loaded TargetPlatform 'Mac'
[2023.10.16-14.32.28:109][  0]LogTargetPlatformManager: Display: Loaded TargetPlatform 'MacClient'
[2023.10.16-14.32.28:113][  0]LogTargetPlatformManager: Display: Loaded TargetPlatform 'MacServer'
[2023.10.16-14.32.28:122][  0]LogTargetPlatformManager: Display: Loaded TargetPlatform 'TVOSClient'
[2023.10.16-14.32.28:122][  0]LogTargetPlatformManager: Display: Loaded TargetPlatform 'TVOS'
[2023.10.16-14.32.28:131][  0]LogTargetPlatformManager: Display: Loaded TargetPlatform 'WindowsNoEditor'
[2023.10.16-14.32.28:137][  0]LogTargetPlatformManager: Display: Loaded TargetPlatform 'Windows'
[2023.10.16-14.32.28:143][  0]LogTargetPlatformManager: Display: Loaded TargetPlatform 'WindowsClient'
[2023.10.16-14.32.28:148][  0]LogTargetPlatformManager: Display: Loaded TargetPlatform 'WindowsServer'
[2023.10.16-14.32.28:148][  0]LogTargetPlatformManager: Display: Building Assets For Windows
[2023.10.16-14.32.28:156][  0]LogAudioDebug: Display: Lib vorbis DLL was dynamically loaded.
[2023.10.16-14.32.28:186][  0]LogTextureFormatOodle: Display: Oodle Texture 2.9.0 init RDO Off
[2023.10.16-14.32.28:225][  0]LogRendererCore: Ray tracing is disabled. Reason: r.RayTracing=0.
[2023.10.16-14.32.28:226][  0]LogDerivedDataCache: Display: Max Cache Size: 512 MB
[2023.10.16-14.32.28:226][  0]LogDerivedDataCache: Display: Starting with empty Boot cache
[2023.10.16-14.32.28:226][  0]LogDerivedDataCache: FDerivedDataBackendGraph:  Pak pak cache file ../../../../../Users/derwl/Documents/GasRpg/GasRPG/DerivedDataCache/DDC.ddp not found, will not use a pak cache.
[2023.10.16-14.32.28:226][  0]LogDerivedDataCache: Unable to find inner node Pak for hierarchical cache Hierarchy.
[2023.10.16-14.32.28:235][  0]LogDerivedDataCache: Speed tests for ../../../Engine/DerivedDataCache took 0.01 seconds
[2023.10.16-14.32.28:235][  0]LogDerivedDataCache: Display: Performance to ../../../Engine/DerivedDataCache: Latency=0.02ms. RandomReadSpeed=1033.68MBs, RandomWriteSpeed=123.58MBs. Assigned SpeedClass 'Local'
[2023.10.16-14.32.28:236][  0]LogDerivedDataCache: Using Local data cache path ../../../Engine/DerivedDataCache: Writable
[2023.10.16-14.32.28:246][  0]LogAssetRegistry: FAssetRegistry took 0.0034 seconds to start up
[2023.10.16-14.32.28:541][  0]LogInit: Selected Device Profile: [Windows]
[2023.10.16-14.32.28:541][  0]LogInit: Active device profile: [00000150B0B64D00][00000150A46D8B00 49] Windows
[2023.10.16-14.32.28:541][  0]LogInit: Profiles: [00000150B0B64D00][00000150A46D8B00 49] Windows, [00000150B0B2E300][00000150AF9D4C80 49] WindowsNoEditor, [00000150B0B65C00][00000150AF9D8E00 49] WindowsServer, [00000150B0B2F100][00000150AF9DCF80 49] WindowsClient, [00000150B0B66900][00000150A4751100 49] IOS, [00000150B0B2DA00][00000150A4755280 49] iPadAir, [00000150B0B67E00][00000150A4759400 49] iPadAir2, [00000150B0AD9100][00000150A47676C0 49] IPadPro, [00000150B0AD9200][00000150A475D700 49] iPadAir3, [00000150B0B2CC00][00000150A476B880 49] iPadAir4, [00000150B0AD9E00][00000150A9E2DA00 49] iPadMini2, [00000150B0B2F300][00000150A9E31B80 49] iPadMini3, [00000150B0ADB900][00000150A9E34180 49] iPadMini4, [00000150B0B2D000][00000150A9E38300 49] iPadMini5, [00000150B0B00900][00000150A9E405C0 49] iPhone6, [00000150B0B00A00][00000150A9E3C600 49] iPodTouch6, [00000150B0B66E00][00000150A9E44840 49] iPhone7, [00000150B0B66F00][00000150A46DC880 49] iPodTouch7, [00000150B0ADBE00][00000150A9E489C0 49] iPhone5S, [00000150B0B65000][00000150A9E50B40 49] iPhone6Plus, [00000150B0B00100][00000150A9E54CC0 49] iPhone6S, [00000150B0AD8300][00000150A9E58E40 49] iPhone6SPlus, [00000150B0B02800][00000150A9E5CFC0 49] iPhone7Plus, [00000150B0ADA400][00000150ADD43140 49] iPhoneSE, [00000150B0B02600][00000150ADD472C0 49] iPhone8, [00000150B0AD8400][00000150ADD4B440 49] iPhone8Plus, [00000150B0B03100][00000150ADD4F5C0 49] iPhoneX, [00000150B0B65500][00000150ADD53740 49] iPhoneXS, [00000150B0B02B00][00000150ADD578C0 49] iPhoneXSMax, [00000150B0B64700][00000150ADD5BA40 49] iPhoneXR, [00000150B0B00800][00000150ADD5FBC0 49] iPhone11, [00000150B0B65100][00000150ADD621C0 49] iPhone11Pro, [00000150B0B01A00][00000150ADD66340 49] iPhone11ProMax, [00000150B0B67700][00000150ADD6A4C0 49] iPhoneSE2, [00000150B0B03800][00000150ADD6E640 49] iPhone12Mini, [00000150B0B66300][00000150ADD727C0 49] iPhone12, [00000150B0B03200][00000150A9E4C900 49] iPhone12Pro, [00000150B0B65300][00000150ADD76A40 49] iPhone12ProMax, [00000150B0B01500][00000150ADD7AB80 49] iPadPro105, [00000150B0B64A00][00000150ADD82D00 49] iPadPro129, [00000150B0B03D00][00000150ADD86E80 49] iPadPro97, [00000150B0B66A00][00000150ADD8B000 49] iPadPro2_129, [00000150B0B00E00][00000150ADD8F180 49] iPad5, [00000150B0B65F00][00000150ADD93300 49] iPad6, [00000150B0B01300][00000150ADD97480 49] iPad7, [00000150B0B64200][00000150ADD9B600 49] iPad8, [00000150B0B00300][00000150ADD9F780 49] iPadPro11, [00000150B0B67100][00000150ADDA3900 49] iPadPro2_11, [00000150B0B01600][00000150ADDA7A80 49] iPadPro3_129, [00000150B0B66700][00000150ADDABC00 49] iPadPro4_129, [00000150B0B01000][00000150ADDAE200 49] AppleTV, [00000150B0B64900][00000150ADDB2380 49] AppleTV4K, [00000150B0B02300][00000150ADDB6500 49] TVOS, [00000150B0B64300][00000150ADDBA680 49] Mac, [00000150B0B03600][00000150ADDBE800 49] MacClient, [00000150B0B67900][00000150ADDC2980 49] MacNoEditor, [00000150B0B03000][00000150ADD7EAC0 49] MacServer, [00000150B0B64800][00000150ADDC6C00 49] Linux, [00000150B0B01D00][00000150ADDCAD40 49] LinuxAArch64, [00000150B0B66B00][00000150ADDD2EC0 49] LinuxNoEditor, [00000150B0B03B00][00000150ADDD7040 49] LinuxAArch64NoEditor, [00000150B0B64400][00000150ADDDB1C0 49] LinuxClient, [00000150B0B02D00][00000150ADDDF340 49] LinuxAArch64Client, [00000150B0B67500][00000150ADDE34C0 49] LinuxServer, [00000150B0B03F00][00000150B07AF640 49] LinuxAArch64Server, [00000150B0B67A00][00000150B07B37C0 49] Android, [00000150B0B01C00][00000150B07B7940 49] Android_Low, [00000150B0B66100][00000150B07BBAC0 49] Android_Mid, [00000150B0B02200][00000150B07BE0C0 49] Android_High, [00000150B0B67400][00000150B07C2240 49] Android_Default, [00000150B0B01F00][00000150B07C63C0 49] Android_Adreno4xx, [00000150B0B64B00][00000150B07CA540 49] Android_Adreno5xx_Low, [00000150B0B02F00][00000150B07CE6C0 49] Android_Adreno5xx, [00000150B0B67D00][00000150B07D2840 49] Android_Adreno6xx, [00000150B0B2C500][00000150B07D69C0 49] Android_Adreno6xx_Vulkan, [00000150B0AD9500][00000150B07DAB40 49] Android_Mali_T6xx, [00000150B0B2D100][00000150ADDCEC80 49] Android_Mali_T7xx, [00000150B0ADB300][00000150B07DEDC0 49] Android_Mali_T8xx, [00000150B0B2EF00][00000150B07E2F00 49] Android_Mali_G71, [00000150B0AD8100][00000150B07E7040 49] Android_Mali_G72, [00000150B0B2D600][00000150B07EF1C0 49] Android_Mali_G72_Vulkan, [00000150B0AD9300][00000150B07F3340 49] Android_Mali_G76, [00000150B0B2FA00][00000150B07F74C0 49] Android_Mali_G76_Vulkan, [00000150B0ADAC00][00000150B07FB640 49] Android_Mali_G77, [00000150B0B2D500][00000150B07FF7C0 49] Android_Mali_G77_Vulkan, [00000150B0AD9800][00000150B0803940 49] Android_Mali_G78, [00000150B0B2E200][00000150B0807AC0 49] Android_Mali_G78_Vulkan, [00000150B0ADBD00][00000150B080A0C0 49] Android_Mali_G710, [00000150B0B2C300][00000150B080E240 49] Android_Mali_G710_Vulkan, [00000150B0AD8200][00000150B08123C0 49] Android_Vulkan_SM5, [00000150B0B2C800][00000150B0816540 49] Android_PowerVR_G6xxx, [00000150B0ADA500][00000150B081A6C0 49] Android_PowerVR_GT7xxx, [00000150B0B2CE00][00000150B081E840 49] Android_PowerVR_GE8xxx, [00000150B0AD9400][00000150B08229C0 49] Android_PowerVR_GM9xxx, [00000150B0B2CD00][00000150B0826B40 49] Android_PowerVR_GM9xxx_Vulkan, [00000150B0ADA600][00000150B082ACC0 49] Android_TegraK1, [00000150B0B2DE00][00000150B07EAE00 49] Android_Unknown_Vulkan, [00000150B0ADBC00][00000150B082EF40 49] Lumin, [00000150B0B2CA00][00000150B0833080 49] Lumin_Desktop, [00000150B0ADBB00][00000150B08371C0 49] HoloLens, 
[2023.10.16-14.32.28:578][  0]LogMeshReduction: Using QuadricMeshReduction for automatic static mesh reduction
[2023.10.16-14.32.28:578][  0]LogMeshReduction: Using SimplygonMeshReduction for automatic skeletal mesh reduction
[2023.10.16-14.32.28:578][  0]LogMeshReduction: Using ProxyLODMeshReduction for automatic mesh merging
[2023.10.16-14.32.28:578][  0]LogMeshReduction: No distributed automatic mesh merging module available
[2023.10.16-14.32.28:578][  0]LogMeshMerging: No distributed automatic mesh merging module available
[2023.10.16-14.32.28:586][  0]LogNetVersion: GasRPG 1.0.0, NetCL: 17155196, EngineNetVer: 17, GameNetVer: 0 (Checksum: 3591718464)
[2023.10.16-14.32.28:743][  0]LogHMD: PokeAHoleMaterial loaded successfully
[2023.10.16-14.32.28:840][  0]LogCollectionManager: Loaded 0 collections in 0.001391 seconds
[2023.10.16-14.32.28:842][  0]LogFileCache: Scanning file cache for directory 'C:/Users/derwl/Documents/GasRpg/GasRPG/Saved/Collections/' took 0.00s
[2023.10.16-14.32.28:842][  0]LogFileCache: Scanning file cache for directory 'C:/Users/derwl/Documents/GasRpg/GasRPG/Content/Developers/derwl/Collections/' took 0.00s
[2023.10.16-14.32.28:842][  0]LogFileCache: Scanning file cache for directory 'C:/Users/derwl/Documents/GasRpg/GasRPG/Content/Collections/' took 0.00s
[2023.10.16-14.32.28:842][  0]LogCollectionManager: Fixed up redirectors for 0 collections in 0.000002 seconds (updated 0 objects)
[2023.10.16-14.32.29:055][  0]LogNiagaraDebuggerClient: Niagara Debugger Client Initialized | Session: 5F3C4EA44A594160360C0E9A27D116D5 | Instance: D853DA4F41020BD6F37F50B3E5DB962D (DESKTOP-T0VCAE0-16476).
[2023.10.16-14.32.29:095][  0]LogPython: Using Python 3.7.7
